Inserido (10,100) no fim.
Inserido (30,300) no fim.
Inserido (20,200) no fim.
Inserido (50,500) no fim.
Inserido (100,111) no inicio.
Inserido (200,222) no inicio.
Inserido (50,500) no fim.
Inserido (300,333) no inicio.
Inserido (50,500) no inicio.
Inserido (400,444) no inicio.
Inserido (500,555) no fim.
Inserido (50,500) no fim.
Inserido (100,111) no fim.
Inserido (700,777) no inicio.
Coeficiente de grau 50 = 500.
[(700,777),(400,444),(50,500),(300,333),(200,222),(100,111),(10,100),(30,300),(20,200),(50,500),(50,500),(500,555),(50,500),(100,111)]
Removidas 4 ocorrencias de (50,500).
[(700,777),(400,444),(300,333),(200,222),(100,111),(10,100),(30,300),(20,200),(500,555),(100,111)]
Inserido (200,222) no inicio.
[(200,222),(700,777),(400,444),(300,333),(200,222),(100,111),(10,100),(30,300),(20,200),(500,555),(100,111)]
Coeficiente de grau 200 = 222.
Removidas 2 ocorrencias de (100,111).
[(200,222),(700,777),(400,444),(300,333),(200,222),(10,100),(30,300),(20,200),(500,555)]
Removidas 2 ocorrencias de (200,222).
[(700,777),(400,444),(300,333),(10,100),(30,300),(20,200),(500,555)]
Coeficiente de grau 200 = 0.
Coeficiente de grau 30 = 300.
Coeficiente de grau 100 = 0.
