Inserido 913.
[913:e=.,d=.]
Inserido 340.
[913:e=[340:e=.,d=.],d=.]
Inserido 381.
[913:e=[340:e=.,d=[381:e=.,d=.]],d=.]
Inserido 20.
[913:e=[340:e=[20:e=.,d=.],d=[381:e=.,d=.]],d=.]
Inserido 13.
[913:e=[340:e=[20:e=[13:e=.,d=.],d=.],d=[381:e=.,d=.]],d=.]
Inserido 89.
[913:e=[340:e=[20:e=[13:e=.,d=.],d=[89:e=.,d=.]],d=[381:e=.,d=.]],d=.]
Inserido 923.
[913:e=[340:e=[20:e=[13:e=.,d=.],d=[89:e=.,d=.]],d=[381:e=.,d=.]],d=[923:e=.,d=.]]
Inserido 54.
[913:e=[340:e=[20:e=[13:e=.,d=.],d=[89:e=[54:e=.,d=.],d=.]],d=[381:e=.,d=.]],d=[923:e=.,d=.]]
Inserido 224.
[913:e=[340:e=[20:e=[13:e=.,d=.],d=[89:e=[54:e=.,d=.],d=[224:e=.,d=.]]],d=[381:e=.,d=.]],d=[923:e=.,d=.]]
Inserido 715.
[913:e=[340:e=[20:e=[13:e=.,d=.],d=[89:e=[54:e=.,d=.],d=[224:e=.,d=.]]],d=[381:e=.,d=[715:e=.,d=.]]],d=[923:e=.,d=.]]
Inserido 618.
[913:e=[340:e=[20:e=[13:e=.,d=.],d=[89:e=[54:e=.,d=.],d=[224:e=.,d=.]]],d=[381:e=.,d=[715:e=[618:e=.,d=.],d=.]]],d=[923:e=.,d=.]]
Inserido 483.
[913:e=[340:e=[20:e=[13:e=.,d=.],d=[89:e=[54:e=.,d=.],d=[224:e=.,d=.]]],d=[381:e=.,d=[715:e=[618:e=[483:e=.,d=.],d=.],d=.]]],d=[923:e=.,d=.]]
Inserido 540.
[913:e=[340:e=[20:e=[13:e=.,d=.],d=[89:e=[54:e=.,d=.],d=[224:e=.,d=.]]],d=[381:e=.,d=[715:e=[618:e=[483:e=.,d=[540:e=.,d=.]],d=.],d=.]]],d=[923:e=.,d=.]]
Inserido 165.
[913:e=[340:e=[20:e=[13:e=.,d=.],d=[89:e=[54:e=.,d=.],d=[224:e=[165:e=.,d=.],d=.]]],d=[381:e=.,d=[715:e=[618:e=[483:e=.,d=[540:e=.,d=.]],d=.],d=.]]],d=[923:e=.,d=.]]
Inserido 117.
[913:e=[340:e=[20:e=[13:e=.,d=.],d=[89:e=[54:e=.,d=.],d=[224:e=[165:e=[117:e=.,d=.],d=.],d=.]]],d=[381:e=.,d=[715:e=[618:e=[483:e=.,d=[540:e=.,d=.]],d=.],d=.]]],d=[923:e=.,d=.]]
Inserido 591.
[913:e=[340:e=[20:e=[13:e=.,d=.],d=[89:e=[54:e=.,d=.],d=[224:e=[165:e=[117:e=.,d=.],d=.],d=.]]],d=[381:e=.,d=[715:e=[618:e=[483:e=.,d=[540:e=.,d=[591:e=.,d=.]]],d=.],d=.]]],d=[923:e=.,d=.]]
Inserido 549.
[913:e=[340:e=[20:e=[13:e=.,d=.],d=[89:e=[54:e=.,d=.],d=[224:e=[165:e=[117:e=.,d=.],d=.],d=.]]],d=[381:e=.,d=[715:e=[618:e=[483:e=.,d=[540:e=.,d=[591:e=[549:e=.,d=.],d=.]]],d=.],d=.]]],d=[923:e=.,d=.]]
Inserido 204.
[913:e=[340:e=[20:e=[13:e=.,d=.],d=[89:e=[54:e=.,d=.],d=[224:e=[165:e=[117:e=.,d=.],d=[204:e=.,d=.]],d=.]]],d=[381:e=.,d=[715:e=[618:e=[483:e=.,d=[540:e=.,d=[591:e=[549:e=.,d=.],d=.]]],d=.],d=.]]],d=[923:e=.,d=.]]
Inserido 464.
[913:e=[340:e=[20:e=[13:e=.,d=.],d=[89:e=[54:e=.,d=.],d=[224:e=[165:e=[117:e=.,d=.],d=[204:e=.,d=.]],d=.]]],d=[381:e=.,d=[715:e=[618:e=[483:e=[464:e=.,d=.],d=[540:e=.,d=[591:e=[549:e=.,d=.],d=.]]],d=.],d=.]]],d=[923:e=.,d=.]]
Inserido 33.
[913:e=[340:e=[20:e=[13:e=.,d=.],d=[89:e=[54:e=[33:e=.,d=.],d=.],d=[224:e=[165:e=[117:e=.,d=.],d=[204:e=.,d=.]],d=.]]],d=[381:e=.,d=[715:e=[618:e=[483:e=[464:e=.,d=.],d=[540:e=.,d=[591:e=[549:e=.,d=.],d=.]]],d=.],d=.]]],d=[923:e=.,d=.]]
Inserido 130.
[913:e=[340:e=[20:e=[13:e=.,d=.],d=[89:e=[54:e=[33:e=.,d=.],d=.],d=[224:e=[165:e=[117:e=.,d=[130:e=.,d=.]],d=[204:e=.,d=.]],d=.]]],d=[381:e=.,d=[715:e=[618:e=[483:e=[464:e=.,d=.],d=[540:e=.,d=[591:e=[549:e=.,d=.],d=.]]],d=.],d=.]]],d=[923:e=.,d=.]]
Inserido 605.
[913:e=[340:e=[20:e=[13:e=.,d=.],d=[89:e=[54:e=[33:e=.,d=.],d=.],d=[224:e=[165:e=[117:e=.,d=[130:e=.,d=.]],d=[204:e=.,d=.]],d=.]]],d=[381:e=.,d=[715:e=[618:e=[483:e=[464:e=.,d=.],d=[540:e=.,d=[591:e=[549:e=.,d=.],d=[605:e=.,d=.]]]],d=.],d=.]]],d=[923:e=.,d=.]]
Inserido 273.
[913:e=[340:e=[20:e=[13:e=.,d=.],d=[89:e=[54:e=[33:e=.,d=.],d=.],d=[224:e=[165:e=[117:e=.,d=[130:e=.,d=.]],d=[204:e=.,d=.]],d=[273:e=.,d=.]]]],d=[381:e=.,d=[715:e=[618:e=[483:e=[464:e=.,d=.],d=[540:e=.,d=[591:e=[549:e=.,d=.],d=[605:e=.,d=.]]]],d=.],d=.]]],d=[923:e=.,d=.]]
Inserido 959.
[913:e=[340:e=[20:e=[13:e=.,d=.],d=[89:e=[54:e=[33:e=.,d=.],d=.],d=[224:e=[165:e=[117:e=.,d=[130:e=.,d=.]],d=[204:e=.,d=.]],d=[273:e=.,d=.]]]],d=[381:e=.,d=[715:e=[618:e=[483:e=[464:e=.,d=.],d=[540:e=.,d=[591:e=[549:e=.,d=.],d=[605:e=.,d=.]]]],d=.],d=.]]],d=[923:e=.,d=[959:e=.,d=.]]]
Inserido 537.
[913:e=[340:e=[20:e=[13:e=.,d=.],d=[89:e=[54:e=[33:e=.,d=.],d=.],d=[224:e=[165:e=[117:e=.,d=[130:e=.,d=.]],d=[204:e=.,d=.]],d=[273:e=.,d=.]]]],d=[381:e=.,d=[715:e=[618:e=[483:e=[464:e=.,d=.],d=[540:e=[537:e=.,d=.],d=[591:e=[549:e=.,d=.],d=[605:e=.,d=.]]]],d=.],d=.]]],d=[923:e=.,d=[959:e=.,d=.]]]
Inserido 495.
[913:e=[340:e=[20:e=[13:e=.,d=.],d=[89:e=[54:e=[33:e=.,d=.],d=.],d=[224:e=[165:e=[117:e=.,d=[130:e=.,d=.]],d=[204:e=.,d=.]],d=[273:e=.,d=.]]]],d=[381:e=.,d=[715:e=[618:e=[483:e=[464:e=.,d=.],d=[540:e=[537:e=[495:e=.,d=.],d=.],d=[591:e=[549:e=.,d=.],d=[605:e=.,d=.]]]],d=.],d=.]]],d=[923:e=.,d=[959:e=.,d=.]]]
Inserido 354.
[913:e=[340:e=[20:e=[13:e=.,d=.],d=[89:e=[54:e=[33:e=.,d=.],d=.],d=[224:e=[165:e=[117:e=.,d=[130:e=.,d=.]],d=[204:e=.,d=.]],d=[273:e=.,d=.]]]],d=[381:e=[354:e=.,d=.],d=[715:e=[618:e=[483:e=[464:e=.,d=.],d=[540:e=[537:e=[495:e=.,d=.],d=.],d=[591:e=[549:e=.,d=.],d=[605:e=.,d=.]]]],d=.],d=.]]],d=[923:e=.,d=[959:e=.,d=.]]]
Inserido 238.
[913:e=[340:e=[20:e=[13:e=.,d=.],d=[89:e=[54:e=[33:e=.,d=.],d=.],d=[224:e=[165:e=[117:e=.,d=[130:e=.,d=.]],d=[204:e=.,d=.]],d=[273:e=[238:e=.,d=.],d=.]]]],d=[381:e=[354:e=.,d=.],d=[715:e=[618:e=[483:e=[464:e=.,d=.],d=[540:e=[537:e=[495:e=.,d=.],d=.],d=[591:e=[549:e=.,d=.],d=[605:e=.,d=.]]]],d=.],d=.]]],d=[923:e=.,d=[959:e=.,d=.]]]
Inserido 194.
[913:e=[340:e=[20:e=[13:e=.,d=.],d=[89:e=[54:e=[33:e=.,d=.],d=.],d=[224:e=[165:e=[117:e=.,d=[130:e=.,d=.]],d=[204:e=[194:e=.,d=.],d=.]],d=[273:e=[238:e=.,d=.],d=.]]]],d=[381:e=[354:e=.,d=.],d=[715:e=[618:e=[483:e=[464:e=.,d=.],d=[540:e=[537:e=[495:e=.,d=.],d=.],d=[591:e=[549:e=.,d=.],d=[605:e=.,d=.]]]],d=.],d=.]]],d=[923:e=.,d=[959:e=.,d=.]]]
Inserido 839.
[913:e=[340:e=[20:e=[13:e=.,d=.],d=[89:e=[54:e=[33:e=.,d=.],d=.],d=[224:e=[165:e=[117:e=.,d=[130:e=.,d=.]],d=[204:e=[194:e=.,d=.],d=.]],d=[273:e=[238:e=.,d=.],d=.]]]],d=[381:e=[354:e=.,d=.],d=[715:e=[618:e=[483:e=[464:e=.,d=.],d=[540:e=[537:e=[495:e=.,d=.],d=.],d=[591:e=[549:e=.,d=.],d=[605:e=.,d=.]]]],d=.],d=[839:e=.,d=.]]]],d=[923:e=.,d=[959:e=.,d=.]]]
Inserido 488.
[913:e=[340:e=[20:e=[13:e=.,d=.],d=[89:e=[54:e=[33:e=.,d=.],d=.],d=[224:e=[165:e=[117:e=.,d=[130:e=.,d=.]],d=[204:e=[194:e=.,d=.],d=.]],d=[273:e=[238:e=.,d=.],d=.]]]],d=[381:e=[354:e=.,d=.],d=[715:e=[618:e=[483:e=[464:e=.,d=.],d=[540:e=[537:e=[495:e=[488:e=.,d=.],d=.],d=.],d=[591:e=[549:e=.,d=.],d=[605:e=.,d=.]]]],d=.],d=[839:e=.,d=.]]]],d=[923:e=.,d=[959:e=.,d=.]]]
Inserido 522.
[913:e=[340:e=[20:e=[13:e=.,d=.],d=[89:e=[54:e=[33:e=.,d=.],d=.],d=[224:e=[165:e=[117:e=.,d=[130:e=.,d=.]],d=[204:e=[194:e=.,d=.],d=.]],d=[273:e=[238:e=.,d=.],d=.]]]],d=[381:e=[354:e=.,d=.],d=[715:e=[618:e=[483:e=[464:e=.,d=.],d=[540:e=[537:e=[495:e=[488:e=.,d=.],d=[522:e=.,d=.]],d=.],d=[591:e=[549:e=.,d=.],d=[605:e=.,d=.]]]],d=.],d=[839:e=.,d=.]]]],d=[923:e=.,d=[959:e=.,d=.]]]
Inserido 379.
[913:e=[340:e=[20:e=[13:e=.,d=.],d=[89:e=[54:e=[33:e=.,d=.],d=.],d=[224:e=[165:e=[117:e=.,d=[130:e=.,d=.]],d=[204:e=[194:e=.,d=.],d=.]],d=[273:e=[238:e=.,d=.],d=.]]]],d=[381:e=[354:e=.,d=[379:e=.,d=.]],d=[715:e=[618:e=[483:e=[464:e=.,d=.],d=[540:e=[537:e=[495:e=[488:e=.,d=.],d=[522:e=.,d=.]],d=.],d=[591:e=[549:e=.,d=.],d=[605:e=.,d=.]]]],d=.],d=[839:e=.,d=.]]]],d=[923:e=.,d=[959:e=.,d=.]]]
Inserido 391.
[913:e=[340:e=[20:e=[13:e=.,d=.],d=[89:e=[54:e=[33:e=.,d=.],d=.],d=[224:e=[165:e=[117:e=.,d=[130:e=.,d=.]],d=[204:e=[194:e=.,d=.],d=.]],d=[273:e=[238:e=.,d=.],d=.]]]],d=[381:e=[354:e=.,d=[379:e=.,d=.]],d=[715:e=[618:e=[483:e=[464:e=[391:e=.,d=.],d=.],d=[540:e=[537:e=[495:e=[488:e=.,d=.],d=[522:e=.,d=.]],d=.],d=[591:e=[549:e=.,d=.],d=[605:e=.,d=.]]]],d=.],d=[839:e=.,d=.]]]],d=[923:e=.,d=[959:e=.,d=.]]]
Inserido 330.
[913:e=[340:e=[20:e=[13:e=.,d=.],d=[89:e=[54:e=[33:e=.,d=.],d=.],d=[224:e=[165:e=[117:e=.,d=[130:e=.,d=.]],d=[204:e=[194:e=.,d=.],d=.]],d=[273:e=[238:e=.,d=.],d=[330:e=.,d=.]]]]],d=[381:e=[354:e=.,d=[379:e=.,d=.]],d=[715:e=[618:e=[483:e=[464:e=[391:e=.,d=.],d=.],d=[540:e=[537:e=[495:e=[488:e=.,d=.],d=[522:e=.,d=.]],d=.],d=[591:e=[549:e=.,d=.],d=[605:e=.,d=.]]]],d=.],d=[839:e=.,d=.]]]],d=[923:e=.,d=[959:e=.,d=.]]]
Inserido 458.
[913:e=[340:e=[20:e=[13:e=.,d=.],d=[89:e=[54:e=[33:e=.,d=.],d=.],d=[224:e=[165:e=[117:e=.,d=[130:e=.,d=.]],d=[204:e=[194:e=.,d=.],d=.]],d=[273:e=[238:e=.,d=.],d=[330:e=.,d=.]]]]],d=[381:e=[354:e=.,d=[379:e=.,d=.]],d=[715:e=[618:e=[483:e=[464:e=[391:e=.,d=[458:e=.,d=.]],d=.],d=[540:e=[537:e=[495:e=[488:e=.,d=.],d=[522:e=.,d=.]],d=.],d=[591:e=[549:e=.,d=.],d=[605:e=.,d=.]]]],d=.],d=[839:e=.,d=.]]]],d=[923:e=.,d=[959:e=.,d=.]]]
Inserido 784.
[913:e=[340:e=[20:e=[13:e=.,d=.],d=[89:e=[54:e=[33:e=.,d=.],d=.],d=[224:e=[165:e=[117:e=.,d=[130:e=.,d=.]],d=[204:e=[194:e=.,d=.],d=.]],d=[273:e=[238:e=.,d=.],d=[330:e=.,d=.]]]]],d=[381:e=[354:e=.,d=[379:e=.,d=.]],d=[715:e=[618:e=[483:e=[464:e=[391:e=.,d=[458:e=.,d=.]],d=.],d=[540:e=[537:e=[495:e=[488:e=.,d=.],d=[522:e=.,d=.]],d=.],d=[591:e=[549:e=.,d=.],d=[605:e=.,d=.]]]],d=.],d=[839:e=[784:e=.,d=.],d=.]]]],d=[923:e=.,d=[959:e=.,d=.]]]
Inserido 383.
[913:e=[340:e=[20:e=[13:e=.,d=.],d=[89:e=[54:e=[33:e=.,d=.],d=.],d=[224:e=[165:e=[117:e=.,d=[130:e=.,d=.]],d=[204:e=[194:e=.,d=.],d=.]],d=[273:e=[238:e=.,d=.],d=[330:e=.,d=.]]]]],d=[381:e=[354:e=.,d=[379:e=.,d=.]],d=[715:e=[618:e=[483:e=[464:e=[391:e=[383:e=.,d=.],d=[458:e=.,d=.]],d=.],d=[540:e=[537:e=[495:e=[488:e=.,d=.],d=[522:e=.,d=.]],d=.],d=[591:e=[549:e=.,d=.],d=[605:e=.,d=.]]]],d=.],d=[839:e=[784:e=.,d=.],d=.]]]],d=[923:e=.,d=[959:e=.,d=.]]]
Inserido 452.
[913:e=[340:e=[20:e=[13:e=.,d=.],d=[89:e=[54:e=[33:e=.,d=.],d=.],d=[224:e=[165:e=[117:e=.,d=[130:e=.,d=.]],d=[204:e=[194:e=.,d=.],d=.]],d=[273:e=[238:e=.,d=.],d=[330:e=.,d=.]]]]],d=[381:e=[354:e=.,d=[379:e=.,d=.]],d=[715:e=[618:e=[483:e=[464:e=[391:e=[383:e=.,d=.],d=[458:e=[452:e=.,d=.],d=.]],d=.],d=[540:e=[537:e=[495:e=[488:e=.,d=.],d=[522:e=.,d=.]],d=.],d=[591:e=[549:e=.,d=.],d=[605:e=.,d=.]]]],d=.],d=[839:e=[784:e=.,d=.],d=.]]]],d=[923:e=.,d=[959:e=.,d=.]]]
Inserido 21.
[913:e=[340:e=[20:e=[13:e=.,d=.],d=[89:e=[54:e=[33:e=[21:e=.,d=.],d=.],d=.],d=[224:e=[165:e=[117:e=.,d=[130:e=.,d=.]],d=[204:e=[194:e=.,d=.],d=.]],d=[273:e=[238:e=.,d=.],d=[330:e=.,d=.]]]]],d=[381:e=[354:e=.,d=[379:e=.,d=.]],d=[715:e=[618:e=[483:e=[464:e=[391:e=[383:e=.,d=.],d=[458:e=[452:e=.,d=.],d=.]],d=.],d=[540:e=[537:e=[495:e=[488:e=.,d=.],d=[522:e=.,d=.]],d=.],d=[591:e=[549:e=.,d=.],d=[605:e=.,d=.]]]],d=.],d=[839:e=[784:e=.,d=.],d=.]]]],d=[923:e=.,d=[959:e=.,d=.]]]
Inserido 705.
[913:e=[340:e=[20:e=[13:e=.,d=.],d=[89:e=[54:e=[33:e=[21:e=.,d=.],d=.],d=.],d=[224:e=[165:e=[117:e=.,d=[130:e=.,d=.]],d=[204:e=[194:e=.,d=.],d=.]],d=[273:e=[238:e=.,d=.],d=[330:e=.,d=.]]]]],d=[381:e=[354:e=.,d=[379:e=.,d=.]],d=[715:e=[618:e=[483:e=[464:e=[391:e=[383:e=.,d=.],d=[458:e=[452:e=.,d=.],d=.]],d=.],d=[540:e=[537:e=[495:e=[488:e=.,d=.],d=[522:e=.,d=.]],d=.],d=[591:e=[549:e=.,d=.],d=[605:e=.,d=.]]]],d=[705:e=.,d=.]],d=[839:e=[784:e=.,d=.],d=.]]]],d=[923:e=.,d=[959:e=.,d=.]]]
Inserido 245.
[913:e=[340:e=[20:e=[13:e=.,d=.],d=[89:e=[54:e=[33:e=[21:e=.,d=.],d=.],d=.],d=[224:e=[165:e=[117:e=.,d=[130:e=.,d=.]],d=[204:e=[194:e=.,d=.],d=.]],d=[273:e=[238:e=.,d=[245:e=.,d=.]],d=[330:e=.,d=.]]]]],d=[381:e=[354:e=.,d=[379:e=.,d=.]],d=[715:e=[618:e=[483:e=[464:e=[391:e=[383:e=.,d=.],d=[458:e=[452:e=.,d=.],d=.]],d=.],d=[540:e=[537:e=[495:e=[488:e=.,d=.],d=[522:e=.,d=.]],d=.],d=[591:e=[549:e=.,d=.],d=[605:e=.,d=.]]]],d=[705:e=.,d=.]],d=[839:e=[784:e=.,d=.],d=.]]]],d=[923:e=.,d=[959:e=.,d=.]]]
Inserido 16.
[913:e=[340:e=[20:e=[13:e=.,d=[16:e=.,d=.]],d=[89:e=[54:e=[33:e=[21:e=.,d=.],d=.],d=.],d=[224:e=[165:e=[117:e=.,d=[130:e=.,d=.]],d=[204:e=[194:e=.,d=.],d=.]],d=[273:e=[238:e=.,d=[245:e=.,d=.]],d=[330:e=.,d=.]]]]],d=[381:e=[354:e=.,d=[379:e=.,d=.]],d=[715:e=[618:e=[483:e=[464:e=[391:e=[383:e=.,d=.],d=[458:e=[452:e=.,d=.],d=.]],d=.],d=[540:e=[537:e=[495:e=[488:e=.,d=.],d=[522:e=.,d=.]],d=.],d=[591:e=[549:e=.,d=.],d=[605:e=.,d=.]]]],d=[705:e=.,d=.]],d=[839:e=[784:e=.,d=.],d=.]]]],d=[923:e=.,d=[959:e=.,d=.]]]
Inserido 561.
[913:e=[340:e=[20:e=[13:e=.,d=[16:e=.,d=.]],d=[89:e=[54:e=[33:e=[21:e=.,d=.],d=.],d=.],d=[224:e=[165:e=[117:e=.,d=[130:e=.,d=.]],d=[204:e=[194:e=.,d=.],d=.]],d=[273:e=[238:e=.,d=[245:e=.,d=.]],d=[330:e=.,d=.]]]]],d=[381:e=[354:e=.,d=[379:e=.,d=.]],d=[715:e=[618:e=[483:e=[464:e=[391:e=[383:e=.,d=.],d=[458:e=[452:e=.,d=.],d=.]],d=.],d=[540:e=[537:e=[495:e=[488:e=.,d=.],d=[522:e=.,d=.]],d=.],d=[591:e=[549:e=.,d=[561:e=.,d=.]],d=[605:e=.,d=.]]]],d=[705:e=.,d=.]],d=[839:e=[784:e=.,d=.],d=.]]]],d=[923:e=.,d=[959:e=.,d=.]]]
Inserido 972.
[913:e=[340:e=[20:e=[13:e=.,d=[16:e=.,d=.]],d=[89:e=[54:e=[33:e=[21:e=.,d=.],d=.],d=.],d=[224:e=[165:e=[117:e=.,d=[130:e=.,d=.]],d=[204:e=[194:e=.,d=.],d=.]],d=[273:e=[238:e=.,d=[245:e=.,d=.]],d=[330:e=.,d=.]]]]],d=[381:e=[354:e=.,d=[379:e=.,d=.]],d=[715:e=[618:e=[483:e=[464:e=[391:e=[383:e=.,d=.],d=[458:e=[452:e=.,d=.],d=.]],d=.],d=[540:e=[537:e=[495:e=[488:e=.,d=.],d=[522:e=.,d=.]],d=.],d=[591:e=[549:e=.,d=[561:e=.,d=.]],d=[605:e=.,d=.]]]],d=[705:e=.,d=.]],d=[839:e=[784:e=.,d=.],d=.]]]],d=[923:e=.,d=[959:e=.,d=[972:e=.,d=.]]]]
Inserido 462.
[913:e=[340:e=[20:e=[13:e=.,d=[16:e=.,d=.]],d=[89:e=[54:e=[33:e=[21:e=.,d=.],d=.],d=.],d=[224:e=[165:e=[117:e=.,d=[130:e=.,d=.]],d=[204:e=[194:e=.,d=.],d=.]],d=[273:e=[238:e=.,d=[245:e=.,d=.]],d=[330:e=.,d=.]]]]],d=[381:e=[354:e=.,d=[379:e=.,d=.]],d=[715:e=[618:e=[483:e=[464:e=[391:e=[383:e=.,d=.],d=[458:e=[452:e=.,d=.],d=[462:e=.,d=.]]],d=.],d=[540:e=[537:e=[495:e=[488:e=.,d=.],d=[522:e=.,d=.]],d=.],d=[591:e=[549:e=.,d=[561:e=.,d=.]],d=[605:e=.,d=.]]]],d=[705:e=.,d=.]],d=[839:e=[784:e=.,d=.],d=.]]]],d=[923:e=.,d=[959:e=.,d=[972:e=.,d=.]]]]
Inserido 793.
[913:e=[340:e=[20:e=[13:e=.,d=[16:e=.,d=.]],d=[89:e=[54:e=[33:e=[21:e=.,d=.],d=.],d=.],d=[224:e=[165:e=[117:e=.,d=[130:e=.,d=.]],d=[204:e=[194:e=.,d=.],d=.]],d=[273:e=[238:e=.,d=[245:e=.,d=.]],d=[330:e=.,d=.]]]]],d=[381:e=[354:e=.,d=[379:e=.,d=.]],d=[715:e=[618:e=[483:e=[464:e=[391:e=[383:e=.,d=.],d=[458:e=[452:e=.,d=.],d=[462:e=.,d=.]]],d=.],d=[540:e=[537:e=[495:e=[488:e=.,d=.],d=[522:e=.,d=.]],d=.],d=[591:e=[549:e=.,d=[561:e=.,d=.]],d=[605:e=.,d=.]]]],d=[705:e=.,d=.]],d=[839:e=[784:e=.,d=[793:e=.,d=.]],d=.]]]],d=[923:e=.,d=[959:e=.,d=[972:e=.,d=.]]]]
Inserido 253.
[913:e=[340:e=[20:e=[13:e=.,d=[16:e=.,d=.]],d=[89:e=[54:e=[33:e=[21:e=.,d=.],d=.],d=.],d=[224:e=[165:e=[117:e=.,d=[130:e=.,d=.]],d=[204:e=[194:e=.,d=.],d=.]],d=[273:e=[238:e=.,d=[245:e=.,d=[253:e=.,d=.]]],d=[330:e=.,d=.]]]]],d=[381:e=[354:e=.,d=[379:e=.,d=.]],d=[715:e=[618:e=[483:e=[464:e=[391:e=[383:e=.,d=.],d=[458:e=[452:e=.,d=.],d=[462:e=.,d=.]]],d=.],d=[540:e=[537:e=[495:e=[488:e=.,d=.],d=[522:e=.,d=.]],d=.],d=[591:e=[549:e=.,d=[561:e=.,d=.]],d=[605:e=.,d=.]]]],d=[705:e=.,d=.]],d=[839:e=[784:e=.,d=[793:e=.,d=.]],d=.]]]],d=[923:e=.,d=[959:e=.,d=[972:e=.,d=.]]]]
Inserido 405.
[913:e=[340:e=[20:e=[13:e=.,d=[16:e=.,d=.]],d=[89:e=[54:e=[33:e=[21:e=.,d=.],d=.],d=.],d=[224:e=[165:e=[117:e=.,d=[130:e=.,d=.]],d=[204:e=[194:e=.,d=.],d=.]],d=[273:e=[238:e=.,d=[245:e=.,d=[253:e=.,d=.]]],d=[330:e=.,d=.]]]]],d=[381:e=[354:e=.,d=[379:e=.,d=.]],d=[715:e=[618:e=[483:e=[464:e=[391:e=[383:e=.,d=.],d=[458:e=[452:e=[405:e=.,d=.],d=.],d=[462:e=.,d=.]]],d=.],d=[540:e=[537:e=[495:e=[488:e=.,d=.],d=[522:e=.,d=.]],d=.],d=[591:e=[549:e=.,d=[561:e=.,d=.]],d=[605:e=.,d=.]]]],d=[705:e=.,d=.]],d=[839:e=[784:e=.,d=[793:e=.,d=.]],d=.]]]],d=[923:e=.,d=[959:e=.,d=[972:e=.,d=.]]]]
Inserido 548.
[913:e=[340:e=[20:e=[13:e=.,d=[16:e=.,d=.]],d=[89:e=[54:e=[33:e=[21:e=.,d=.],d=.],d=.],d=[224:e=[165:e=[117:e=.,d=[130:e=.,d=.]],d=[204:e=[194:e=.,d=.],d=.]],d=[273:e=[238:e=.,d=[245:e=.,d=[253:e=.,d=.]]],d=[330:e=.,d=.]]]]],d=[381:e=[354:e=.,d=[379:e=.,d=.]],d=[715:e=[618:e=[483:e=[464:e=[391:e=[383:e=.,d=.],d=[458:e=[452:e=[405:e=.,d=.],d=.],d=[462:e=.,d=.]]],d=.],d=[540:e=[537:e=[495:e=[488:e=.,d=.],d=[522:e=.,d=.]],d=.],d=[591:e=[549:e=[548:e=.,d=.],d=[561:e=.,d=.]],d=[605:e=.,d=.]]]],d=[705:e=.,d=.]],d=[839:e=[784:e=.,d=[793:e=.,d=.]],d=.]]]],d=[923:e=.,d=[959:e=.,d=[972:e=.,d=.]]]]
Inserido 957.
[913:e=[340:e=[20:e=[13:e=.,d=[16:e=.,d=.]],d=[89:e=[54:e=[33:e=[21:e=.,d=.],d=.],d=.],d=[224:e=[165:e=[117:e=.,d=[130:e=.,d=.]],d=[204:e=[194:e=.,d=.],d=.]],d=[273:e=[238:e=.,d=[245:e=.,d=[253:e=.,d=.]]],d=[330:e=.,d=.]]]]],d=[381:e=[354:e=.,d=[379:e=.,d=.]],d=[715:e=[618:e=[483:e=[464:e=[391:e=[383:e=.,d=.],d=[458:e=[452:e=[405:e=.,d=.],d=.],d=[462:e=.,d=.]]],d=.],d=[540:e=[537:e=[495:e=[488:e=.,d=.],d=[522:e=.,d=.]],d=.],d=[591:e=[549:e=[548:e=.,d=.],d=[561:e=.,d=.]],d=[605:e=.,d=.]]]],d=[705:e=.,d=.]],d=[839:e=[784:e=.,d=[793:e=.,d=.]],d=.]]]],d=[923:e=.,d=[959:e=[957:e=.,d=.],d=[972:e=.,d=.]]]]
Inserido 887.
[913:e=[340:e=[20:e=[13:e=.,d=[16:e=.,d=.]],d=[89:e=[54:e=[33:e=[21:e=.,d=.],d=.],d=.],d=[224:e=[165:e=[117:e=.,d=[130:e=.,d=.]],d=[204:e=[194:e=.,d=.],d=.]],d=[273:e=[238:e=.,d=[245:e=.,d=[253:e=.,d=.]]],d=[330:e=.,d=.]]]]],d=[381:e=[354:e=.,d=[379:e=.,d=.]],d=[715:e=[618:e=[483:e=[464:e=[391:e=[383:e=.,d=.],d=[458:e=[452:e=[405:e=.,d=.],d=.],d=[462:e=.,d=.]]],d=.],d=[540:e=[537:e=[495:e=[488:e=.,d=.],d=[522:e=.,d=.]],d=.],d=[591:e=[549:e=[548:e=.,d=.],d=[561:e=.,d=.]],d=[605:e=.,d=.]]]],d=[705:e=.,d=.]],d=[839:e=[784:e=.,d=[793:e=.,d=.]],d=[887:e=.,d=.]]]]],d=[923:e=.,d=[959:e=[957:e=.,d=.],d=[972:e=.,d=.]]]]
Inserido 164.
[913:e=[340:e=[20:e=[13:e=.,d=[16:e=.,d=.]],d=[89:e=[54:e=[33:e=[21:e=.,d=.],d=.],d=.],d=[224:e=[165:e=[117:e=.,d=[130:e=.,d=[164:e=.,d=.]]],d=[204:e=[194:e=.,d=.],d=.]],d=[273:e=[238:e=.,d=[245:e=.,d=[253:e=.,d=.]]],d=[330:e=.,d=.]]]]],d=[381:e=[354:e=.,d=[379:e=.,d=.]],d=[715:e=[618:e=[483:e=[464:e=[391:e=[383:e=.,d=.],d=[458:e=[452:e=[405:e=.,d=.],d=.],d=[462:e=.,d=.]]],d=.],d=[540:e=[537:e=[495:e=[488:e=.,d=.],d=[522:e=.,d=.]],d=.],d=[591:e=[549:e=[548:e=.,d=.],d=[561:e=.,d=.]],d=[605:e=.,d=.]]]],d=[705:e=.,d=.]],d=[839:e=[784:e=.,d=[793:e=.,d=.]],d=[887:e=.,d=.]]]]],d=[923:e=.,d=[959:e=[957:e=.,d=.],d=[972:e=.,d=.]]]]
Inserido 668.
[913:e=[340:e=[20:e=[13:e=.,d=[16:e=.,d=.]],d=[89:e=[54:e=[33:e=[21:e=.,d=.],d=.],d=.],d=[224:e=[165:e=[117:e=.,d=[130:e=.,d=[164:e=.,d=.]]],d=[204:e=[194:e=.,d=.],d=.]],d=[273:e=[238:e=.,d=[245:e=.,d=[253:e=.,d=.]]],d=[330:e=.,d=.]]]]],d=[381:e=[354:e=.,d=[379:e=.,d=.]],d=[715:e=[618:e=[483:e=[464:e=[391:e=[383:e=.,d=.],d=[458:e=[452:e=[405:e=.,d=.],d=.],d=[462:e=.,d=.]]],d=.],d=[540:e=[537:e=[495:e=[488:e=.,d=.],d=[522:e=.,d=.]],d=.],d=[591:e=[549:e=[548:e=.,d=.],d=[561:e=.,d=.]],d=[605:e=.,d=.]]]],d=[705:e=[668:e=.,d=.],d=.]],d=[839:e=[784:e=.,d=[793:e=.,d=.]],d=[887:e=.,d=.]]]]],d=[923:e=.,d=[959:e=[957:e=.,d=.],d=[972:e=.,d=.]]]]
Inserido 859.
[913:e=[340:e=[20:e=[13:e=.,d=[16:e=.,d=.]],d=[89:e=[54:e=[33:e=[21:e=.,d=.],d=.],d=.],d=[224:e=[165:e=[117:e=.,d=[130:e=.,d=[164:e=.,d=.]]],d=[204:e=[194:e=.,d=.],d=.]],d=[273:e=[238:e=.,d=[245:e=.,d=[253:e=.,d=.]]],d=[330:e=.,d=.]]]]],d=[381:e=[354:e=.,d=[379:e=.,d=.]],d=[715:e=[618:e=[483:e=[464:e=[391:e=[383:e=.,d=.],d=[458:e=[452:e=[405:e=.,d=.],d=.],d=[462:e=.,d=.]]],d=.],d=[540:e=[537:e=[495:e=[488:e=.,d=.],d=[522:e=.,d=.]],d=.],d=[591:e=[549:e=[548:e=.,d=.],d=[561:e=.,d=.]],d=[605:e=.,d=.]]]],d=[705:e=[668:e=.,d=.],d=.]],d=[839:e=[784:e=.,d=[793:e=.,d=.]],d=[887:e=[859:e=.,d=.],d=.]]]]],d=[923:e=.,d=[959:e=[957:e=.,d=.],d=[972:e=.,d=.]]]]
Inserido 525.
[913:e=[340:e=[20:e=[13:e=.,d=[16:e=.,d=.]],d=[89:e=[54:e=[33:e=[21:e=.,d=.],d=.],d=.],d=[224:e=[165:e=[117:e=.,d=[130:e=.,d=[164:e=.,d=.]]],d=[204:e=[194:e=.,d=.],d=.]],d=[273:e=[238:e=.,d=[245:e=.,d=[253:e=.,d=.]]],d=[330:e=.,d=.]]]]],d=[381:e=[354:e=.,d=[379:e=.,d=.]],d=[715:e=[618:e=[483:e=[464:e=[391:e=[383:e=.,d=.],d=[458:e=[452:e=[405:e=.,d=.],d=.],d=[462:e=.,d=.]]],d=.],d=[540:e=[537:e=[495:e=[488:e=.,d=.],d=[522:e=.,d=[525:e=.,d=.]]],d=.],d=[591:e=[549:e=[548:e=.,d=.],d=[561:e=.,d=.]],d=[605:e=.,d=.]]]],d=[705:e=[668:e=.,d=.],d=.]],d=[839:e=[784:e=.,d=[793:e=.,d=.]],d=[887:e=[859:e=.,d=.],d=.]]]]],d=[923:e=.,d=[959:e=[957:e=.,d=.],d=[972:e=.,d=.]]]]
Inserido 435.
[913:e=[340:e=[20:e=[13:e=.,d=[16:e=.,d=.]],d=[89:e=[54:e=[33:e=[21:e=.,d=.],d=.],d=.],d=[224:e=[165:e=[117:e=.,d=[130:e=.,d=[164:e=.,d=.]]],d=[204:e=[194:e=.,d=.],d=.]],d=[273:e=[238:e=.,d=[245:e=.,d=[253:e=.,d=.]]],d=[330:e=.,d=.]]]]],d=[381:e=[354:e=.,d=[379:e=.,d=.]],d=[715:e=[618:e=[483:e=[464:e=[391:e=[383:e=.,d=.],d=[458:e=[452:e=[405:e=.,d=[435:e=.,d=.]],d=.],d=[462:e=.,d=.]]],d=.],d=[540:e=[537:e=[495:e=[488:e=.,d=.],d=[522:e=.,d=[525:e=.,d=.]]],d=.],d=[591:e=[549:e=[548:e=.,d=.],d=[561:e=.,d=.]],d=[605:e=.,d=.]]]],d=[705:e=[668:e=.,d=.],d=.]],d=[839:e=[784:e=.,d=[793:e=.,d=.]],d=[887:e=[859:e=.,d=.],d=.]]]]],d=[923:e=.,d=[959:e=[957:e=.,d=.],d=[972:e=.,d=.]]]]
Inserido 226.
[913:e=[340:e=[20:e=[13:e=.,d=[16:e=.,d=.]],d=[89:e=[54:e=[33:e=[21:e=.,d=.],d=.],d=.],d=[224:e=[165:e=[117:e=.,d=[130:e=.,d=[164:e=.,d=.]]],d=[204:e=[194:e=.,d=.],d=.]],d=[273:e=[238:e=[226:e=.,d=.],d=[245:e=.,d=[253:e=.,d=.]]],d=[330:e=.,d=.]]]]],d=[381:e=[354:e=.,d=[379:e=.,d=.]],d=[715:e=[618:e=[483:e=[464:e=[391:e=[383:e=.,d=.],d=[458:e=[452:e=[405:e=.,d=[435:e=.,d=.]],d=.],d=[462:e=.,d=.]]],d=.],d=[540:e=[537:e=[495:e=[488:e=.,d=.],d=[522:e=.,d=[525:e=.,d=.]]],d=.],d=[591:e=[549:e=[548:e=.,d=.],d=[561:e=.,d=.]],d=[605:e=.,d=.]]]],d=[705:e=[668:e=.,d=.],d=.]],d=[839:e=[784:e=.,d=[793:e=.,d=.]],d=[887:e=[859:e=.,d=.],d=.]]]]],d=[923:e=.,d=[959:e=[957:e=.,d=.],d=[972:e=.,d=.]]]]
Inserido 441.
[913:e=[340:e=[20:e=[13:e=.,d=[16:e=.,d=.]],d=[89:e=[54:e=[33:e=[21:e=.,d=.],d=.],d=.],d=[224:e=[165:e=[117:e=.,d=[130:e=.,d=[164:e=.,d=.]]],d=[204:e=[194:e=.,d=.],d=.]],d=[273:e=[238:e=[226:e=.,d=.],d=[245:e=.,d=[253:e=.,d=.]]],d=[330:e=.,d=.]]]]],d=[381:e=[354:e=.,d=[379:e=.,d=.]],d=[715:e=[618:e=[483:e=[464:e=[391:e=[383:e=.,d=.],d=[458:e=[452:e=[405:e=.,d=[435:e=.,d=[441:e=.,d=.]]],d=.],d=[462:e=.,d=.]]],d=.],d=[540:e=[537:e=[495:e=[488:e=.,d=.],d=[522:e=.,d=[525:e=.,d=.]]],d=.],d=[591:e=[549:e=[548:e=.,d=.],d=[561:e=.,d=.]],d=[605:e=.,d=.]]]],d=[705:e=[668:e=.,d=.],d=.]],d=[839:e=[784:e=.,d=[793:e=.,d=.]],d=[887:e=[859:e=.,d=.],d=.]]]]],d=[923:e=.,d=[959:e=[957:e=.,d=.],d=[972:e=.,d=.]]]]
Inserido 215.
[913:e=[340:e=[20:e=[13:e=.,d=[16:e=.,d=.]],d=[89:e=[54:e=[33:e=[21:e=.,d=.],d=.],d=.],d=[224:e=[165:e=[117:e=.,d=[130:e=.,d=[164:e=.,d=.]]],d=[204:e=[194:e=.,d=.],d=[215:e=.,d=.]]],d=[273:e=[238:e=[226:e=.,d=.],d=[245:e=.,d=[253:e=.,d=.]]],d=[330:e=.,d=.]]]]],d=[381:e=[354:e=.,d=[379:e=.,d=.]],d=[715:e=[618:e=[483:e=[464:e=[391:e=[383:e=.,d=.],d=[458:e=[452:e=[405:e=.,d=[435:e=.,d=[441:e=.,d=.]]],d=.],d=[462:e=.,d=.]]],d=.],d=[540:e=[537:e=[495:e=[488:e=.,d=.],d=[522:e=.,d=[525:e=.,d=.]]],d=.],d=[591:e=[549:e=[548:e=.,d=.],d=[561:e=.,d=.]],d=[605:e=.,d=.]]]],d=[705:e=[668:e=.,d=.],d=.]],d=[839:e=[784:e=.,d=[793:e=.,d=.]],d=[887:e=[859:e=.,d=.],d=.]]]]],d=[923:e=.,d=[959:e=[957:e=.,d=.],d=[972:e=.,d=.]]]]
Inserido 489.
[913:e=[340:e=[20:e=[13:e=.,d=[16:e=.,d=.]],d=[89:e=[54:e=[33:e=[21:e=.,d=.],d=.],d=.],d=[224:e=[165:e=[117:e=.,d=[130:e=.,d=[164:e=.,d=.]]],d=[204:e=[194:e=.,d=.],d=[215:e=.,d=.]]],d=[273:e=[238:e=[226:e=.,d=.],d=[245:e=.,d=[253:e=.,d=.]]],d=[330:e=.,d=.]]]]],d=[381:e=[354:e=.,d=[379:e=.,d=.]],d=[715:e=[618:e=[483:e=[464:e=[391:e=[383:e=.,d=.],d=[458:e=[452:e=[405:e=.,d=[435:e=.,d=[441:e=.,d=.]]],d=.],d=[462:e=.,d=.]]],d=.],d=[540:e=[537:e=[495:e=[488:e=.,d=[489:e=.,d=.]],d=[522:e=.,d=[525:e=.,d=.]]],d=.],d=[591:e=[549:e=[548:e=.,d=.],d=[561:e=.,d=.]],d=[605:e=.,d=.]]]],d=[705:e=[668:e=.,d=.],d=.]],d=[839:e=[784:e=.,d=[793:e=.,d=.]],d=[887:e=[859:e=.,d=.],d=.]]]]],d=[923:e=.,d=[959:e=[957:e=.,d=.],d=[972:e=.,d=.]]]]
Inserido 914.
[913:e=[340:e=[20:e=[13:e=.,d=[16:e=.,d=.]],d=[89:e=[54:e=[33:e=[21:e=.,d=.],d=.],d=.],d=[224:e=[165:e=[117:e=.,d=[130:e=.,d=[164:e=.,d=.]]],d=[204:e=[194:e=.,d=.],d=[215:e=.,d=.]]],d=[273:e=[238:e=[226:e=.,d=.],d=[245:e=.,d=[253:e=.,d=.]]],d=[330:e=.,d=.]]]]],d=[381:e=[354:e=.,d=[379:e=.,d=.]],d=[715:e=[618:e=[483:e=[464:e=[391:e=[383:e=.,d=.],d=[458:e=[452:e=[405:e=.,d=[435:e=.,d=[441:e=.,d=.]]],d=.],d=[462:e=.,d=.]]],d=.],d=[540:e=[537:e=[495:e=[488:e=.,d=[489:e=.,d=.]],d=[522:e=.,d=[525:e=.,d=.]]],d=.],d=[591:e=[549:e=[548:e=.,d=.],d=[561:e=.,d=.]],d=[605:e=.,d=.]]]],d=[705:e=[668:e=.,d=.],d=.]],d=[839:e=[784:e=.,d=[793:e=.,d=.]],d=[887:e=[859:e=.,d=.],d=.]]]]],d=[923:e=[914:e=.,d=.],d=[959:e=[957:e=.,d=.],d=[972:e=.,d=.]]]]
Inserido 413.
[913:e=[340:e=[20:e=[13:e=.,d=[16:e=.,d=.]],d=[89:e=[54:e=[33:e=[21:e=.,d=.],d=.],d=.],d=[224:e=[165:e=[117:e=.,d=[130:e=.,d=[164:e=.,d=.]]],d=[204:e=[194:e=.,d=.],d=[215:e=.,d=.]]],d=[273:e=[238:e=[226:e=.,d=.],d=[245:e=.,d=[253:e=.,d=.]]],d=[330:e=.,d=.]]]]],d=[381:e=[354:e=.,d=[379:e=.,d=.]],d=[715:e=[618:e=[483:e=[464:e=[391:e=[383:e=.,d=.],d=[458:e=[452:e=[405:e=.,d=[435:e=[413:e=.,d=.],d=[441:e=.,d=.]]],d=.],d=[462:e=.,d=.]]],d=.],d=[540:e=[537:e=[495:e=[488:e=.,d=[489:e=.,d=.]],d=[522:e=.,d=[525:e=.,d=.]]],d=.],d=[591:e=[549:e=[548:e=.,d=.],d=[561:e=.,d=.]],d=[605:e=.,d=.]]]],d=[705:e=[668:e=.,d=.],d=.]],d=[839:e=[784:e=.,d=[793:e=.,d=.]],d=[887:e=[859:e=.,d=.],d=.]]]]],d=[923:e=[914:e=.,d=.],d=[959:e=[957:e=.,d=.],d=[972:e=.,d=.]]]]
Inserido 855.
[913:e=[340:e=[20:e=[13:e=.,d=[16:e=.,d=.]],d=[89:e=[54:e=[33:e=[21:e=.,d=.],d=.],d=.],d=[224:e=[165:e=[117:e=.,d=[130:e=.,d=[164:e=.,d=.]]],d=[204:e=[194:e=.,d=.],d=[215:e=.,d=.]]],d=[273:e=[238:e=[226:e=.,d=.],d=[245:e=.,d=[253:e=.,d=.]]],d=[330:e=.,d=.]]]]],d=[381:e=[354:e=.,d=[379:e=.,d=.]],d=[715:e=[618:e=[483:e=[464:e=[391:e=[383:e=.,d=.],d=[458:e=[452:e=[405:e=.,d=[435:e=[413:e=.,d=.],d=[441:e=.,d=.]]],d=.],d=[462:e=.,d=.]]],d=.],d=[540:e=[537:e=[495:e=[488:e=.,d=[489:e=.,d=.]],d=[522:e=.,d=[525:e=.,d=.]]],d=.],d=[591:e=[549:e=[548:e=.,d=.],d=[561:e=.,d=.]],d=[605:e=.,d=.]]]],d=[705:e=[668:e=.,d=.],d=.]],d=[839:e=[784:e=.,d=[793:e=.,d=.]],d=[887:e=[859:e=[855:e=.,d=.],d=.],d=.]]]]],d=[923:e=[914:e=.,d=.],d=[959:e=[957:e=.,d=.],d=[972:e=.,d=.]]]]
Inserido 504.
[913:e=[340:e=[20:e=[13:e=.,d=[16:e=.,d=.]],d=[89:e=[54:e=[33:e=[21:e=.,d=.],d=.],d=.],d=[224:e=[165:e=[117:e=.,d=[130:e=.,d=[164:e=.,d=.]]],d=[204:e=[194:e=.,d=.],d=[215:e=.,d=.]]],d=[273:e=[238:e=[226:e=.,d=.],d=[245:e=.,d=[253:e=.,d=.]]],d=[330:e=.,d=.]]]]],d=[381:e=[354:e=.,d=[379:e=.,d=.]],d=[715:e=[618:e=[483:e=[464:e=[391:e=[383:e=.,d=.],d=[458:e=[452:e=[405:e=.,d=[435:e=[413:e=.,d=.],d=[441:e=.,d=.]]],d=.],d=[462:e=.,d=.]]],d=.],d=[540:e=[537:e=[495:e=[488:e=.,d=[489:e=.,d=.]],d=[522:e=[504:e=.,d=.],d=[525:e=.,d=.]]],d=.],d=[591:e=[549:e=[548:e=.,d=.],d=[561:e=.,d=.]],d=[605:e=.,d=.]]]],d=[705:e=[668:e=.,d=.],d=.]],d=[839:e=[784:e=.,d=[793:e=.,d=.]],d=[887:e=[859:e=[855:e=.,d=.],d=.],d=.]]]]],d=[923:e=[914:e=.,d=.],d=[959:e=[957:e=.,d=.],d=[972:e=.,d=.]]]]
Inserido 90.
[913:e=[340:e=[20:e=[13:e=.,d=[16:e=.,d=.]],d=[89:e=[54:e=[33:e=[21:e=.,d=.],d=.],d=.],d=[224:e=[165:e=[117:e=[90:e=.,d=.],d=[130:e=.,d=[164:e=.,d=.]]],d=[204:e=[194:e=.,d=.],d=[215:e=.,d=.]]],d=[273:e=[238:e=[226:e=.,d=.],d=[245:e=.,d=[253:e=.,d=.]]],d=[330:e=.,d=.]]]]],d=[381:e=[354:e=.,d=[379:e=.,d=.]],d=[715:e=[618:e=[483:e=[464:e=[391:e=[383:e=.,d=.],d=[458:e=[452:e=[405:e=.,d=[435:e=[413:e=.,d=.],d=[441:e=.,d=.]]],d=.],d=[462:e=.,d=.]]],d=.],d=[540:e=[537:e=[495:e=[488:e=.,d=[489:e=.,d=.]],d=[522:e=[504:e=.,d=.],d=[525:e=.,d=.]]],d=.],d=[591:e=[549:e=[548:e=.,d=.],d=[561:e=.,d=.]],d=[605:e=.,d=.]]]],d=[705:e=[668:e=.,d=.],d=.]],d=[839:e=[784:e=.,d=[793:e=.,d=.]],d=[887:e=[859:e=[855:e=.,d=.],d=.],d=.]]]]],d=[923:e=[914:e=.,d=.],d=[959:e=[957:e=.,d=.],d=[972:e=.,d=.]]]]
Inserido 662.
[913:e=[340:e=[20:e=[13:e=.,d=[16:e=.,d=.]],d=[89:e=[54:e=[33:e=[21:e=.,d=.],d=.],d=.],d=[224:e=[165:e=[117:e=[90:e=.,d=.],d=[130:e=.,d=[164:e=.,d=.]]],d=[204:e=[194:e=.,d=.],d=[215:e=.,d=.]]],d=[273:e=[238:e=[226:e=.,d=.],d=[245:e=.,d=[253:e=.,d=.]]],d=[330:e=.,d=.]]]]],d=[381:e=[354:e=.,d=[379:e=.,d=.]],d=[715:e=[618:e=[483:e=[464:e=[391:e=[383:e=.,d=.],d=[458:e=[452:e=[405:e=.,d=[435:e=[413:e=.,d=.],d=[441:e=.,d=.]]],d=.],d=[462:e=.,d=.]]],d=.],d=[540:e=[537:e=[495:e=[488:e=.,d=[489:e=.,d=.]],d=[522:e=[504:e=.,d=.],d=[525:e=.,d=.]]],d=.],d=[591:e=[549:e=[548:e=.,d=.],d=[561:e=.,d=.]],d=[605:e=.,d=.]]]],d=[705:e=[668:e=[662:e=.,d=.],d=.],d=.]],d=[839:e=[784:e=.,d=[793:e=.,d=.]],d=[887:e=[859:e=[855:e=.,d=.],d=.],d=.]]]]],d=[923:e=[914:e=.,d=.],d=[959:e=[957:e=.,d=.],d=[972:e=.,d=.]]]]
Insercao de 504 falhou.
[913:e=[340:e=[20:e=[13:e=.,d=[16:e=.,d=.]],d=[89:e=[54:e=[33:e=[21:e=.,d=.],d=.],d=.],d=[224:e=[165:e=[117:e=[90:e=.,d=.],d=[130:e=.,d=[164:e=.,d=.]]],d=[204:e=[194:e=.,d=.],d=[215:e=.,d=.]]],d=[273:e=[238:e=[226:e=.,d=.],d=[245:e=.,d=[253:e=.,d=.]]],d=[330:e=.,d=.]]]]],d=[381:e=[354:e=.,d=[379:e=.,d=.]],d=[715:e=[618:e=[483:e=[464:e=[391:e=[383:e=.,d=.],d=[458:e=[452:e=[405:e=.,d=[435:e=[413:e=.,d=.],d=[441:e=.,d=.]]],d=.],d=[462:e=.,d=.]]],d=.],d=[540:e=[537:e=[495:e=[488:e=.,d=[489:e=.,d=.]],d=[522:e=[504:e=.,d=.],d=[525:e=.,d=.]]],d=.],d=[591:e=[549:e=[548:e=.,d=.],d=[561:e=.,d=.]],d=[605:e=.,d=.]]]],d=[705:e=[668:e=[662:e=.,d=.],d=.],d=.]],d=[839:e=[784:e=.,d=[793:e=.,d=.]],d=[887:e=[859:e=[855:e=.,d=.],d=.],d=.]]]]],d=[923:e=[914:e=.,d=.],d=[959:e=[957:e=.,d=.],d=[972:e=.,d=.]]]]
Inserido 800.
[913:e=[340:e=[20:e=[13:e=.,d=[16:e=.,d=.]],d=[89:e=[54:e=[33:e=[21:e=.,d=.],d=.],d=.],d=[224:e=[165:e=[117:e=[90:e=.,d=.],d=[130:e=.,d=[164:e=.,d=.]]],d=[204:e=[194:e=.,d=.],d=[215:e=.,d=.]]],d=[273:e=[238:e=[226:e=.,d=.],d=[245:e=.,d=[253:e=.,d=.]]],d=[330:e=.,d=.]]]]],d=[381:e=[354:e=.,d=[379:e=.,d=.]],d=[715:e=[618:e=[483:e=[464:e=[391:e=[383:e=.,d=.],d=[458:e=[452:e=[405:e=.,d=[435:e=[413:e=.,d=.],d=[441:e=.,d=.]]],d=.],d=[462:e=.,d=.]]],d=.],d=[540:e=[537:e=[495:e=[488:e=.,d=[489:e=.,d=.]],d=[522:e=[504:e=.,d=.],d=[525:e=.,d=.]]],d=.],d=[591:e=[549:e=[548:e=.,d=.],d=[561:e=.,d=.]],d=[605:e=.,d=.]]]],d=[705:e=[668:e=[662:e=.,d=.],d=.],d=.]],d=[839:e=[784:e=.,d=[793:e=.,d=[800:e=.,d=.]]],d=[887:e=[859:e=[855:e=.,d=.],d=.],d=.]]]]],d=[923:e=[914:e=.,d=.],d=[959:e=[957:e=.,d=.],d=[972:e=.,d=.]]]]
Inserido 779.
[913:e=[340:e=[20:e=[13:e=.,d=[16:e=.,d=.]],d=[89:e=[54:e=[33:e=[21:e=.,d=.],d=.],d=.],d=[224:e=[165:e=[117:e=[90:e=.,d=.],d=[130:e=.,d=[164:e=.,d=.]]],d=[204:e=[194:e=.,d=.],d=[215:e=.,d=.]]],d=[273:e=[238:e=[226:e=.,d=.],d=[245:e=.,d=[253:e=.,d=.]]],d=[330:e=.,d=.]]]]],d=[381:e=[354:e=.,d=[379:e=.,d=.]],d=[715:e=[618:e=[483:e=[464:e=[391:e=[383:e=.,d=.],d=[458:e=[452:e=[405:e=.,d=[435:e=[413:e=.,d=.],d=[441:e=.,d=.]]],d=.],d=[462:e=.,d=.]]],d=.],d=[540:e=[537:e=[495:e=[488:e=.,d=[489:e=.,d=.]],d=[522:e=[504:e=.,d=.],d=[525:e=.,d=.]]],d=.],d=[591:e=[549:e=[548:e=.,d=.],d=[561:e=.,d=.]],d=[605:e=.,d=.]]]],d=[705:e=[668:e=[662:e=.,d=.],d=.],d=.]],d=[839:e=[784:e=[779:e=.,d=.],d=[793:e=.,d=[800:e=.,d=.]]],d=[887:e=[859:e=[855:e=.,d=.],d=.],d=.]]]]],d=[923:e=[914:e=.,d=.],d=[959:e=[957:e=.,d=.],d=[972:e=.,d=.]]]]
Insercao de 561 falhou.
[913:e=[340:e=[20:e=[13:e=.,d=[16:e=.,d=.]],d=[89:e=[54:e=[33:e=[21:e=.,d=.],d=.],d=.],d=[224:e=[165:e=[117:e=[90:e=.,d=.],d=[130:e=.,d=[164:e=.,d=.]]],d=[204:e=[194:e=.,d=.],d=[215:e=.,d=.]]],d=[273:e=[238:e=[226:e=.,d=.],d=[245:e=.,d=[253:e=.,d=.]]],d=[330:e=.,d=.]]]]],d=[381:e=[354:e=.,d=[379:e=.,d=.]],d=[715:e=[618:e=[483:e=[464:e=[391:e=[383:e=.,d=.],d=[458:e=[452:e=[405:e=.,d=[435:e=[413:e=.,d=.],d=[441:e=.,d=.]]],d=.],d=[462:e=.,d=.]]],d=.],d=[540:e=[537:e=[495:e=[488:e=.,d=[489:e=.,d=.]],d=[522:e=[504:e=.,d=.],d=[525:e=.,d=.]]],d=.],d=[591:e=[549:e=[548:e=.,d=.],d=[561:e=.,d=.]],d=[605:e=.,d=.]]]],d=[705:e=[668:e=[662:e=.,d=.],d=.],d=.]],d=[839:e=[784:e=[779:e=.,d=.],d=[793:e=.,d=[800:e=.,d=.]]],d=[887:e=[859:e=[855:e=.,d=.],d=.],d=.]]]]],d=[923:e=[914:e=.,d=.],d=[959:e=[957:e=.,d=.],d=[972:e=.,d=.]]]]
Inserido 24.
[913:e=[340:e=[20:e=[13:e=.,d=[16:e=.,d=.]],d=[89:e=[54:e=[33:e=[21:e=.,d=[24:e=.,d=.]],d=.],d=.],d=[224:e=[165:e=[117:e=[90:e=.,d=.],d=[130:e=.,d=[164:e=.,d=.]]],d=[204:e=[194:e=.,d=.],d=[215:e=.,d=.]]],d=[273:e=[238:e=[226:e=.,d=.],d=[245:e=.,d=[253:e=.,d=.]]],d=[330:e=.,d=.]]]]],d=[381:e=[354:e=.,d=[379:e=.,d=.]],d=[715:e=[618:e=[483:e=[464:e=[391:e=[383:e=.,d=.],d=[458:e=[452:e=[405:e=.,d=[435:e=[413:e=.,d=.],d=[441:e=.,d=.]]],d=.],d=[462:e=.,d=.]]],d=.],d=[540:e=[537:e=[495:e=[488:e=.,d=[489:e=.,d=.]],d=[522:e=[504:e=.,d=.],d=[525:e=.,d=.]]],d=.],d=[591:e=[549:e=[548:e=.,d=.],d=[561:e=.,d=.]],d=[605:e=.,d=.]]]],d=[705:e=[668:e=[662:e=.,d=.],d=.],d=.]],d=[839:e=[784:e=[779:e=.,d=.],d=[793:e=.,d=[800:e=.,d=.]]],d=[887:e=[859:e=[855:e=.,d=.],d=.],d=.]]]]],d=[923:e=[914:e=.,d=.],d=[959:e=[957:e=.,d=.],d=[972:e=.,d=.]]]]
Inserido 840.
[913:e=[340:e=[20:e=[13:e=.,d=[16:e=.,d=.]],d=[89:e=[54:e=[33:e=[21:e=.,d=[24:e=.,d=.]],d=.],d=.],d=[224:e=[165:e=[117:e=[90:e=.,d=.],d=[130:e=.,d=[164:e=.,d=.]]],d=[204:e=[194:e=.,d=.],d=[215:e=.,d=.]]],d=[273:e=[238:e=[226:e=.,d=.],d=[245:e=.,d=[253:e=.,d=.]]],d=[330:e=.,d=.]]]]],d=[381:e=[354:e=.,d=[379:e=.,d=.]],d=[715:e=[618:e=[483:e=[464:e=[391:e=[383:e=.,d=.],d=[458:e=[452:e=[405:e=.,d=[435:e=[413:e=.,d=.],d=[441:e=.,d=.]]],d=.],d=[462:e=.,d=.]]],d=.],d=[540:e=[537:e=[495:e=[488:e=.,d=[489:e=.,d=.]],d=[522:e=[504:e=.,d=.],d=[525:e=.,d=.]]],d=.],d=[591:e=[549:e=[548:e=.,d=.],d=[561:e=.,d=.]],d=[605:e=.,d=.]]]],d=[705:e=[668:e=[662:e=.,d=.],d=.],d=.]],d=[839:e=[784:e=[779:e=.,d=.],d=[793:e=.,d=[800:e=.,d=.]]],d=[887:e=[859:e=[855:e=[840:e=.,d=.],d=.],d=.],d=.]]]]],d=[923:e=[914:e=.,d=.],d=[959:e=[957:e=.,d=.],d=[972:e=.,d=.]]]]
Inserido 154.
[913:e=[340:e=[20:e=[13:e=.,d=[16:e=.,d=.]],d=[89:e=[54:e=[33:e=[21:e=.,d=[24:e=.,d=.]],d=.],d=.],d=[224:e=[165:e=[117:e=[90:e=.,d=.],d=[130:e=.,d=[164:e=[154:e=.,d=.],d=.]]],d=[204:e=[194:e=.,d=.],d=[215:e=.,d=.]]],d=[273:e=[238:e=[226:e=.,d=.],d=[245:e=.,d=[253:e=.,d=.]]],d=[330:e=.,d=.]]]]],d=[381:e=[354:e=.,d=[379:e=.,d=.]],d=[715:e=[618:e=[483:e=[464:e=[391:e=[383:e=.,d=.],d=[458:e=[452:e=[405:e=.,d=[435:e=[413:e=.,d=.],d=[441:e=.,d=.]]],d=.],d=[462:e=.,d=.]]],d=.],d=[540:e=[537:e=[495:e=[488:e=.,d=[489:e=.,d=.]],d=[522:e=[504:e=.,d=.],d=[525:e=.,d=.]]],d=.],d=[591:e=[549:e=[548:e=.,d=.],d=[561:e=.,d=.]],d=[605:e=.,d=.]]]],d=[705:e=[668:e=[662:e=.,d=.],d=.],d=.]],d=[839:e=[784:e=[779:e=.,d=.],d=[793:e=.,d=[800:e=.,d=.]]],d=[887:e=[859:e=[855:e=[840:e=.,d=.],d=.],d=.],d=.]]]]],d=[923:e=[914:e=.,d=.],d=[959:e=[957:e=.,d=.],d=[972:e=.,d=.]]]]
Inserido 948.
[913:e=[340:e=[20:e=[13:e=.,d=[16:e=.,d=.]],d=[89:e=[54:e=[33:e=[21:e=.,d=[24:e=.,d=.]],d=.],d=.],d=[224:e=[165:e=[117:e=[90:e=.,d=.],d=[130:e=.,d=[164:e=[154:e=.,d=.],d=.]]],d=[204:e=[194:e=.,d=.],d=[215:e=.,d=.]]],d=[273:e=[238:e=[226:e=.,d=.],d=[245:e=.,d=[253:e=.,d=.]]],d=[330:e=.,d=.]]]]],d=[381:e=[354:e=.,d=[379:e=.,d=.]],d=[715:e=[618:e=[483:e=[464:e=[391:e=[383:e=.,d=.],d=[458:e=[452:e=[405:e=.,d=[435:e=[413:e=.,d=.],d=[441:e=.,d=.]]],d=.],d=[462:e=.,d=.]]],d=.],d=[540:e=[537:e=[495:e=[488:e=.,d=[489:e=.,d=.]],d=[522:e=[504:e=.,d=.],d=[525:e=.,d=.]]],d=.],d=[591:e=[549:e=[548:e=.,d=.],d=[561:e=.,d=.]],d=[605:e=.,d=.]]]],d=[705:e=[668:e=[662:e=.,d=.],d=.],d=.]],d=[839:e=[784:e=[779:e=.,d=.],d=[793:e=.,d=[800:e=.,d=.]]],d=[887:e=[859:e=[855:e=[840:e=.,d=.],d=.],d=.],d=.]]]]],d=[923:e=[914:e=.,d=.],d=[959:e=[957:e=[948:e=.,d=.],d=.],d=[972:e=.,d=.]]]]
Inserido 996.
[913:e=[340:e=[20:e=[13:e=.,d=[16:e=.,d=.]],d=[89:e=[54:e=[33:e=[21:e=.,d=[24:e=.,d=.]],d=.],d=.],d=[224:e=[165:e=[117:e=[90:e=.,d=.],d=[130:e=.,d=[164:e=[154:e=.,d=.],d=.]]],d=[204:e=[194:e=.,d=.],d=[215:e=.,d=.]]],d=[273:e=[238:e=[226:e=.,d=.],d=[245:e=.,d=[253:e=.,d=.]]],d=[330:e=.,d=.]]]]],d=[381:e=[354:e=.,d=[379:e=.,d=.]],d=[715:e=[618:e=[483:e=[464:e=[391:e=[383:e=.,d=.],d=[458:e=[452:e=[405:e=.,d=[435:e=[413:e=.,d=.],d=[441:e=.,d=.]]],d=.],d=[462:e=.,d=.]]],d=.],d=[540:e=[537:e=[495:e=[488:e=.,d=[489:e=.,d=.]],d=[522:e=[504:e=.,d=.],d=[525:e=.,d=.]]],d=.],d=[591:e=[549:e=[548:e=.,d=.],d=[561:e=.,d=.]],d=[605:e=.,d=.]]]],d=[705:e=[668:e=[662:e=.,d=.],d=.],d=.]],d=[839:e=[784:e=[779:e=.,d=.],d=[793:e=.,d=[800:e=.,d=.]]],d=[887:e=[859:e=[855:e=[840:e=.,d=.],d=.],d=.],d=.]]]]],d=[923:e=[914:e=.,d=.],d=[959:e=[957:e=[948:e=.,d=.],d=.],d=[972:e=.,d=[996:e=.,d=.]]]]]
Inserido 88.
[913:e=[340:e=[20:e=[13:e=.,d=[16:e=.,d=.]],d=[89:e=[54:e=[33:e=[21:e=.,d=[24:e=.,d=.]],d=.],d=[88:e=.,d=.]],d=[224:e=[165:e=[117:e=[90:e=.,d=.],d=[130:e=.,d=[164:e=[154:e=.,d=.],d=.]]],d=[204:e=[194:e=.,d=.],d=[215:e=.,d=.]]],d=[273:e=[238:e=[226:e=.,d=.],d=[245:e=.,d=[253:e=.,d=.]]],d=[330:e=.,d=.]]]]],d=[381:e=[354:e=.,d=[379:e=.,d=.]],d=[715:e=[618:e=[483:e=[464:e=[391:e=[383:e=.,d=.],d=[458:e=[452:e=[405:e=.,d=[435:e=[413:e=.,d=.],d=[441:e=.,d=.]]],d=.],d=[462:e=.,d=.]]],d=.],d=[540:e=[537:e=[495:e=[488:e=.,d=[489:e=.,d=.]],d=[522:e=[504:e=.,d=.],d=[525:e=.,d=.]]],d=.],d=[591:e=[549:e=[548:e=.,d=.],d=[561:e=.,d=.]],d=[605:e=.,d=.]]]],d=[705:e=[668:e=[662:e=.,d=.],d=.],d=.]],d=[839:e=[784:e=[779:e=.,d=.],d=[793:e=.,d=[800:e=.,d=.]]],d=[887:e=[859:e=[855:e=[840:e=.,d=.],d=.],d=.],d=.]]]]],d=[923:e=[914:e=.,d=.],d=[959:e=[957:e=[948:e=.,d=.],d=.],d=[972:e=.,d=[996:e=.,d=.]]]]]
Inserido 475.
[913:e=[340:e=[20:e=[13:e=.,d=[16:e=.,d=.]],d=[89:e=[54:e=[33:e=[21:e=.,d=[24:e=.,d=.]],d=.],d=[88:e=.,d=.]],d=[224:e=[165:e=[117:e=[90:e=.,d=.],d=[130:e=.,d=[164:e=[154:e=.,d=.],d=.]]],d=[204:e=[194:e=.,d=.],d=[215:e=.,d=.]]],d=[273:e=[238:e=[226:e=.,d=.],d=[245:e=.,d=[253:e=.,d=.]]],d=[330:e=.,d=.]]]]],d=[381:e=[354:e=.,d=[379:e=.,d=.]],d=[715:e=[618:e=[483:e=[464:e=[391:e=[383:e=.,d=.],d=[458:e=[452:e=[405:e=.,d=[435:e=[413:e=.,d=.],d=[441:e=.,d=.]]],d=.],d=[462:e=.,d=.]]],d=[475:e=.,d=.]],d=[540:e=[537:e=[495:e=[488:e=.,d=[489:e=.,d=.]],d=[522:e=[504:e=.,d=.],d=[525:e=.,d=.]]],d=.],d=[591:e=[549:e=[548:e=.,d=.],d=[561:e=.,d=.]],d=[605:e=.,d=.]]]],d=[705:e=[668:e=[662:e=.,d=.],d=.],d=.]],d=[839:e=[784:e=[779:e=.,d=.],d=[793:e=.,d=[800:e=.,d=.]]],d=[887:e=[859:e=[855:e=[840:e=.,d=.],d=.],d=.],d=.]]]]],d=[923:e=[914:e=.,d=.],d=[959:e=[957:e=[948:e=.,d=.],d=.],d=[972:e=.,d=[996:e=.,d=.]]]]]
Inserido 466.
[913:e=[340:e=[20:e=[13:e=.,d=[16:e=.,d=.]],d=[89:e=[54:e=[33:e=[21:e=.,d=[24:e=.,d=.]],d=.],d=[88:e=.,d=.]],d=[224:e=[165:e=[117:e=[90:e=.,d=.],d=[130:e=.,d=[164:e=[154:e=.,d=.],d=.]]],d=[204:e=[194:e=.,d=.],d=[215:e=.,d=.]]],d=[273:e=[238:e=[226:e=.,d=.],d=[245:e=.,d=[253:e=.,d=.]]],d=[330:e=.,d=.]]]]],d=[381:e=[354:e=.,d=[379:e=.,d=.]],d=[715:e=[618:e=[483:e=[464:e=[391:e=[383:e=.,d=.],d=[458:e=[452:e=[405:e=.,d=[435:e=[413:e=.,d=.],d=[441:e=.,d=.]]],d=.],d=[462:e=.,d=.]]],d=[475:e=[466:e=.,d=.],d=.]],d=[540:e=[537:e=[495:e=[488:e=.,d=[489:e=.,d=.]],d=[522:e=[504:e=.,d=.],d=[525:e=.,d=.]]],d=.],d=[591:e=[549:e=[548:e=.,d=.],d=[561:e=.,d=.]],d=[605:e=.,d=.]]]],d=[705:e=[668:e=[662:e=.,d=.],d=.],d=.]],d=[839:e=[784:e=[779:e=.,d=.],d=[793:e=.,d=[800:e=.,d=.]]],d=[887:e=[859:e=[855:e=[840:e=.,d=.],d=.],d=.],d=.]]]]],d=[923:e=[914:e=.,d=.],d=[959:e=[957:e=[948:e=.,d=.],d=.],d=[972:e=.,d=[996:e=.,d=.]]]]]
Inserido 869.
[913:e=[340:e=[20:e=[13:e=.,d=[16:e=.,d=.]],d=[89:e=[54:e=[33:e=[21:e=.,d=[24:e=.,d=.]],d=.],d=[88:e=.,d=.]],d=[224:e=[165:e=[117:e=[90:e=.,d=.],d=[130:e=.,d=[164:e=[154:e=.,d=.],d=.]]],d=[204:e=[194:e=.,d=.],d=[215:e=.,d=.]]],d=[273:e=[238:e=[226:e=.,d=.],d=[245:e=.,d=[253:e=.,d=.]]],d=[330:e=.,d=.]]]]],d=[381:e=[354:e=.,d=[379:e=.,d=.]],d=[715:e=[618:e=[483:e=[464:e=[391:e=[383:e=.,d=.],d=[458:e=[452:e=[405:e=.,d=[435:e=[413:e=.,d=.],d=[441:e=.,d=.]]],d=.],d=[462:e=.,d=.]]],d=[475:e=[466:e=.,d=.],d=.]],d=[540:e=[537:e=[495:e=[488:e=.,d=[489:e=.,d=.]],d=[522:e=[504:e=.,d=.],d=[525:e=.,d=.]]],d=.],d=[591:e=[549:e=[548:e=.,d=.],d=[561:e=.,d=.]],d=[605:e=.,d=.]]]],d=[705:e=[668:e=[662:e=.,d=.],d=.],d=.]],d=[839:e=[784:e=[779:e=.,d=.],d=[793:e=.,d=[800:e=.,d=.]]],d=[887:e=[859:e=[855:e=[840:e=.,d=.],d=.],d=[869:e=.,d=.]],d=.]]]]],d=[923:e=[914:e=.,d=.],d=[959:e=[957:e=[948:e=.,d=.],d=.],d=[972:e=.,d=[996:e=.,d=.]]]]]
Inserido 289.
[913:e=[340:e=[20:e=[13:e=.,d=[16:e=.,d=.]],d=[89:e=[54:e=[33:e=[21:e=.,d=[24:e=.,d=.]],d=.],d=[88:e=.,d=.]],d=[224:e=[165:e=[117:e=[90:e=.,d=.],d=[130:e=.,d=[164:e=[154:e=.,d=.],d=.]]],d=[204:e=[194:e=.,d=.],d=[215:e=.,d=.]]],d=[273:e=[238:e=[226:e=.,d=.],d=[245:e=.,d=[253:e=.,d=.]]],d=[330:e=[289:e=.,d=.],d=.]]]]],d=[381:e=[354:e=.,d=[379:e=.,d=.]],d=[715:e=[618:e=[483:e=[464:e=[391:e=[383:e=.,d=.],d=[458:e=[452:e=[405:e=.,d=[435:e=[413:e=.,d=.],d=[441:e=.,d=.]]],d=.],d=[462:e=.,d=.]]],d=[475:e=[466:e=.,d=.],d=.]],d=[540:e=[537:e=[495:e=[488:e=.,d=[489:e=.,d=.]],d=[522:e=[504:e=.,d=.],d=[525:e=.,d=.]]],d=.],d=[591:e=[549:e=[548:e=.,d=.],d=[561:e=.,d=.]],d=[605:e=.,d=.]]]],d=[705:e=[668:e=[662:e=.,d=.],d=.],d=.]],d=[839:e=[784:e=[779:e=.,d=.],d=[793:e=.,d=[800:e=.,d=.]]],d=[887:e=[859:e=[855:e=[840:e=.,d=.],d=.],d=[869:e=.,d=.]],d=.]]]]],d=[923:e=[914:e=.,d=.],d=[959:e=[957:e=[948:e=.,d=.],d=.],d=[972:e=.,d=[996:e=.,d=.]]]]]
Inserido 541.
[913:e=[340:e=[20:e=[13:e=.,d=[16:e=.,d=.]],d=[89:e=[54:e=[33:e=[21:e=.,d=[24:e=.,d=.]],d=.],d=[88:e=.,d=.]],d=[224:e=[165:e=[117:e=[90:e=.,d=.],d=[130:e=.,d=[164:e=[154:e=.,d=.],d=.]]],d=[204:e=[194:e=.,d=.],d=[215:e=.,d=.]]],d=[273:e=[238:e=[226:e=.,d=.],d=[245:e=.,d=[253:e=.,d=.]]],d=[330:e=[289:e=.,d=.],d=.]]]]],d=[381:e=[354:e=.,d=[379:e=.,d=.]],d=[715:e=[618:e=[483:e=[464:e=[391:e=[383:e=.,d=.],d=[458:e=[452:e=[405:e=.,d=[435:e=[413:e=.,d=.],d=[441:e=.,d=.]]],d=.],d=[462:e=.,d=.]]],d=[475:e=[466:e=.,d=.],d=.]],d=[540:e=[537:e=[495:e=[488:e=.,d=[489:e=.,d=.]],d=[522:e=[504:e=.,d=.],d=[525:e=.,d=.]]],d=.],d=[591:e=[549:e=[548:e=[541:e=.,d=.],d=.],d=[561:e=.,d=.]],d=[605:e=.,d=.]]]],d=[705:e=[668:e=[662:e=.,d=.],d=.],d=.]],d=[839:e=[784:e=[779:e=.,d=.],d=[793:e=.,d=[800:e=.,d=.]]],d=[887:e=[859:e=[855:e=[840:e=.,d=.],d=.],d=[869:e=.,d=.]],d=.]]]]],d=[923:e=[914:e=.,d=.],d=[959:e=[957:e=[948:e=.,d=.],d=.],d=[972:e=.,d=[996:e=.,d=.]]]]]
Inserido 900.
[913:e=[340:e=[20:e=[13:e=.,d=[16:e=.,d=.]],d=[89:e=[54:e=[33:e=[21:e=.,d=[24:e=.,d=.]],d=.],d=[88:e=.,d=.]],d=[224:e=[165:e=[117:e=[90:e=.,d=.],d=[130:e=.,d=[164:e=[154:e=.,d=.],d=.]]],d=[204:e=[194:e=.,d=.],d=[215:e=.,d=.]]],d=[273:e=[238:e=[226:e=.,d=.],d=[245:e=.,d=[253:e=.,d=.]]],d=[330:e=[289:e=.,d=.],d=.]]]]],d=[381:e=[354:e=.,d=[379:e=.,d=.]],d=[715:e=[618:e=[483:e=[464:e=[391:e=[383:e=.,d=.],d=[458:e=[452:e=[405:e=.,d=[435:e=[413:e=.,d=.],d=[441:e=.,d=.]]],d=.],d=[462:e=.,d=.]]],d=[475:e=[466:e=.,d=.],d=.]],d=[540:e=[537:e=[495:e=[488:e=.,d=[489:e=.,d=.]],d=[522:e=[504:e=.,d=.],d=[525:e=.,d=.]]],d=.],d=[591:e=[549:e=[548:e=[541:e=.,d=.],d=.],d=[561:e=.,d=.]],d=[605:e=.,d=.]]]],d=[705:e=[668:e=[662:e=.,d=.],d=.],d=.]],d=[839:e=[784:e=[779:e=.,d=.],d=[793:e=.,d=[800:e=.,d=.]]],d=[887:e=[859:e=[855:e=[840:e=.,d=.],d=.],d=[869:e=.,d=.]],d=[900:e=.,d=.]]]]]],d=[923:e=[914:e=.,d=.],d=[959:e=[957:e=[948:e=.,d=.],d=.],d=[972:e=.,d=[996:e=.,d=.]]]]]
Inserido 592.
[913:e=[340:e=[20:e=[13:e=.,d=[16:e=.,d=.]],d=[89:e=[54:e=[33:e=[21:e=.,d=[24:e=.,d=.]],d=.],d=[88:e=.,d=.]],d=[224:e=[165:e=[117:e=[90:e=.,d=.],d=[130:e=.,d=[164:e=[154:e=.,d=.],d=.]]],d=[204:e=[194:e=.,d=.],d=[215:e=.,d=.]]],d=[273:e=[238:e=[226:e=.,d=.],d=[245:e=.,d=[253:e=.,d=.]]],d=[330:e=[289:e=.,d=.],d=.]]]]],d=[381:e=[354:e=.,d=[379:e=.,d=.]],d=[715:e=[618:e=[483:e=[464:e=[391:e=[383:e=.,d=.],d=[458:e=[452:e=[405:e=.,d=[435:e=[413:e=.,d=.],d=[441:e=.,d=.]]],d=.],d=[462:e=.,d=.]]],d=[475:e=[466:e=.,d=.],d=.]],d=[540:e=[537:e=[495:e=[488:e=.,d=[489:e=.,d=.]],d=[522:e=[504:e=.,d=.],d=[525:e=.,d=.]]],d=.],d=[591:e=[549:e=[548:e=[541:e=.,d=.],d=.],d=[561:e=.,d=.]],d=[605:e=[592:e=.,d=.],d=.]]]],d=[705:e=[668:e=[662:e=.,d=.],d=.],d=.]],d=[839:e=[784:e=[779:e=.,d=.],d=[793:e=.,d=[800:e=.,d=.]]],d=[887:e=[859:e=[855:e=[840:e=.,d=.],d=.],d=[869:e=.,d=.]],d=[900:e=.,d=.]]]]]],d=[923:e=[914:e=.,d=.],d=[959:e=[957:e=[948:e=.,d=.],d=.],d=[972:e=.,d=[996:e=.,d=.]]]]]
Inserido 871.
[913:e=[340:e=[20:e=[13:e=.,d=[16:e=.,d=.]],d=[89:e=[54:e=[33:e=[21:e=.,d=[24:e=.,d=.]],d=.],d=[88:e=.,d=.]],d=[224:e=[165:e=[117:e=[90:e=.,d=.],d=[130:e=.,d=[164:e=[154:e=.,d=.],d=.]]],d=[204:e=[194:e=.,d=.],d=[215:e=.,d=.]]],d=[273:e=[238:e=[226:e=.,d=.],d=[245:e=.,d=[253:e=.,d=.]]],d=[330:e=[289:e=.,d=.],d=.]]]]],d=[381:e=[354:e=.,d=[379:e=.,d=.]],d=[715:e=[618:e=[483:e=[464:e=[391:e=[383:e=.,d=.],d=[458:e=[452:e=[405:e=.,d=[435:e=[413:e=.,d=.],d=[441:e=.,d=.]]],d=.],d=[462:e=.,d=.]]],d=[475:e=[466:e=.,d=.],d=.]],d=[540:e=[537:e=[495:e=[488:e=.,d=[489:e=.,d=.]],d=[522:e=[504:e=.,d=.],d=[525:e=.,d=.]]],d=.],d=[591:e=[549:e=[548:e=[541:e=.,d=.],d=.],d=[561:e=.,d=.]],d=[605:e=[592:e=.,d=.],d=.]]]],d=[705:e=[668:e=[662:e=.,d=.],d=.],d=.]],d=[839:e=[784:e=[779:e=.,d=.],d=[793:e=.,d=[800:e=.,d=.]]],d=[887:e=[859:e=[855:e=[840:e=.,d=.],d=.],d=[869:e=.,d=[871:e=.,d=.]]],d=[900:e=.,d=.]]]]]],d=[923:e=[914:e=.,d=.],d=[959:e=[957:e=[948:e=.,d=.],d=.],d=[972:e=.,d=[996:e=.,d=.]]]]]
Inserido 260.
[913:e=[340:e=[20:e=[13:e=.,d=[16:e=.,d=.]],d=[89:e=[54:e=[33:e=[21:e=.,d=[24:e=.,d=.]],d=.],d=[88:e=.,d=.]],d=[224:e=[165:e=[117:e=[90:e=.,d=.],d=[130:e=.,d=[164:e=[154:e=.,d=.],d=.]]],d=[204:e=[194:e=.,d=.],d=[215:e=.,d=.]]],d=[273:e=[238:e=[226:e=.,d=.],d=[245:e=.,d=[253:e=.,d=[260:e=.,d=.]]]],d=[330:e=[289:e=.,d=.],d=.]]]]],d=[381:e=[354:e=.,d=[379:e=.,d=.]],d=[715:e=[618:e=[483:e=[464:e=[391:e=[383:e=.,d=.],d=[458:e=[452:e=[405:e=.,d=[435:e=[413:e=.,d=.],d=[441:e=.,d=.]]],d=.],d=[462:e=.,d=.]]],d=[475:e=[466:e=.,d=.],d=.]],d=[540:e=[537:e=[495:e=[488:e=.,d=[489:e=.,d=.]],d=[522:e=[504:e=.,d=.],d=[525:e=.,d=.]]],d=.],d=[591:e=[549:e=[548:e=[541:e=.,d=.],d=.],d=[561:e=.,d=.]],d=[605:e=[592:e=.,d=.],d=.]]]],d=[705:e=[668:e=[662:e=.,d=.],d=.],d=.]],d=[839:e=[784:e=[779:e=.,d=.],d=[793:e=.,d=[800:e=.,d=.]]],d=[887:e=[859:e=[855:e=[840:e=.,d=.],d=.],d=[869:e=.,d=[871:e=.,d=.]]],d=[900:e=.,d=.]]]]]],d=[923:e=[914:e=.,d=.],d=[959:e=[957:e=[948:e=.,d=.],d=.],d=[972:e=.,d=[996:e=.,d=.]]]]]
Inserido 542.
[913:e=[340:e=[20:e=[13:e=.,d=[16:e=.,d=.]],d=[89:e=[54:e=[33:e=[21:e=.,d=[24:e=.,d=.]],d=.],d=[88:e=.,d=.]],d=[224:e=[165:e=[117:e=[90:e=.,d=.],d=[130:e=.,d=[164:e=[154:e=.,d=.],d=.]]],d=[204:e=[194:e=.,d=.],d=[215:e=.,d=.]]],d=[273:e=[238:e=[226:e=.,d=.],d=[245:e=.,d=[253:e=.,d=[260:e=.,d=.]]]],d=[330:e=[289:e=.,d=.],d=.]]]]],d=[381:e=[354:e=.,d=[379:e=.,d=.]],d=[715:e=[618:e=[483:e=[464:e=[391:e=[383:e=.,d=.],d=[458:e=[452:e=[405:e=.,d=[435:e=[413:e=.,d=.],d=[441:e=.,d=.]]],d=.],d=[462:e=.,d=.]]],d=[475:e=[466:e=.,d=.],d=.]],d=[540:e=[537:e=[495:e=[488:e=.,d=[489:e=.,d=.]],d=[522:e=[504:e=.,d=.],d=[525:e=.,d=.]]],d=.],d=[591:e=[549:e=[548:e=[541:e=.,d=[542:e=.,d=.]],d=.],d=[561:e=.,d=.]],d=[605:e=[592:e=.,d=.],d=.]]]],d=[705:e=[668:e=[662:e=.,d=.],d=.],d=.]],d=[839:e=[784:e=[779:e=.,d=.],d=[793:e=.,d=[800:e=.,d=.]]],d=[887:e=[859:e=[855:e=[840:e=.,d=.],d=.],d=[869:e=.,d=[871:e=.,d=.]]],d=[900:e=.,d=.]]]]]],d=[923:e=[914:e=.,d=.],d=[959:e=[957:e=[948:e=.,d=.],d=.],d=[972:e=.,d=[996:e=.,d=.]]]]]
Inserido 281.
[913:e=[340:e=[20:e=[13:e=.,d=[16:e=.,d=.]],d=[89:e=[54:e=[33:e=[21:e=.,d=[24:e=.,d=.]],d=.],d=[88:e=.,d=.]],d=[224:e=[165:e=[117:e=[90:e=.,d=.],d=[130:e=.,d=[164:e=[154:e=.,d=.],d=.]]],d=[204:e=[194:e=.,d=.],d=[215:e=.,d=.]]],d=[273:e=[238:e=[226:e=.,d=.],d=[245:e=.,d=[253:e=.,d=[260:e=.,d=.]]]],d=[330:e=[289:e=[281:e=.,d=.],d=.],d=.]]]]],d=[381:e=[354:e=.,d=[379:e=.,d=.]],d=[715:e=[618:e=[483:e=[464:e=[391:e=[383:e=.,d=.],d=[458:e=[452:e=[405:e=.,d=[435:e=[413:e=.,d=.],d=[441:e=.,d=.]]],d=.],d=[462:e=.,d=.]]],d=[475:e=[466:e=.,d=.],d=.]],d=[540:e=[537:e=[495:e=[488:e=.,d=[489:e=.,d=.]],d=[522:e=[504:e=.,d=.],d=[525:e=.,d=.]]],d=.],d=[591:e=[549:e=[548:e=[541:e=.,d=[542:e=.,d=.]],d=.],d=[561:e=.,d=.]],d=[605:e=[592:e=.,d=.],d=.]]]],d=[705:e=[668:e=[662:e=.,d=.],d=.],d=.]],d=[839:e=[784:e=[779:e=.,d=.],d=[793:e=.,d=[800:e=.,d=.]]],d=[887:e=[859:e=[855:e=[840:e=.,d=.],d=.],d=[869:e=.,d=[871:e=.,d=.]]],d=[900:e=.,d=.]]]]]],d=[923:e=[914:e=.,d=.],d=[959:e=[957:e=[948:e=.,d=.],d=.],d=[972:e=.,d=[996:e=.,d=.]]]]]
Inserido 331.
[913:e=[340:e=[20:e=[13:e=.,d=[16:e=.,d=.]],d=[89:e=[54:e=[33:e=[21:e=.,d=[24:e=.,d=.]],d=.],d=[88:e=.,d=.]],d=[224:e=[165:e=[117:e=[90:e=.,d=.],d=[130:e=.,d=[164:e=[154:e=.,d=.],d=.]]],d=[204:e=[194:e=.,d=.],d=[215:e=.,d=.]]],d=[273:e=[238:e=[226:e=.,d=.],d=[245:e=.,d=[253:e=.,d=[260:e=.,d=.]]]],d=[330:e=[289:e=[281:e=.,d=.],d=.],d=[331:e=.,d=.]]]]]],d=[381:e=[354:e=.,d=[379:e=.,d=.]],d=[715:e=[618:e=[483:e=[464:e=[391:e=[383:e=.,d=.],d=[458:e=[452:e=[405:e=.,d=[435:e=[413:e=.,d=.],d=[441:e=.,d=.]]],d=.],d=[462:e=.,d=.]]],d=[475:e=[466:e=.,d=.],d=.]],d=[540:e=[537:e=[495:e=[488:e=.,d=[489:e=.,d=.]],d=[522:e=[504:e=.,d=.],d=[525:e=.,d=.]]],d=.],d=[591:e=[549:e=[548:e=[541:e=.,d=[542:e=.,d=.]],d=.],d=[561:e=.,d=.]],d=[605:e=[592:e=.,d=.],d=.]]]],d=[705:e=[668:e=[662:e=.,d=.],d=.],d=.]],d=[839:e=[784:e=[779:e=.,d=.],d=[793:e=.,d=[800:e=.,d=.]]],d=[887:e=[859:e=[855:e=[840:e=.,d=.],d=.],d=[869:e=.,d=[871:e=.,d=.]]],d=[900:e=.,d=.]]]]]],d=[923:e=[914:e=.,d=.],d=[959:e=[957:e=[948:e=.,d=.],d=.],d=[972:e=.,d=[996:e=.,d=.]]]]]
Inserido 101.
[913:e=[340:e=[20:e=[13:e=.,d=[16:e=.,d=.]],d=[89:e=[54:e=[33:e=[21:e=.,d=[24:e=.,d=.]],d=.],d=[88:e=.,d=.]],d=[224:e=[165:e=[117:e=[90:e=.,d=[101:e=.,d=.]],d=[130:e=.,d=[164:e=[154:e=.,d=.],d=.]]],d=[204:e=[194:e=.,d=.],d=[215:e=.,d=.]]],d=[273:e=[238:e=[226:e=.,d=.],d=[245:e=.,d=[253:e=.,d=[260:e=.,d=.]]]],d=[330:e=[289:e=[281:e=.,d=.],d=.],d=[331:e=.,d=.]]]]]],d=[381:e=[354:e=.,d=[379:e=.,d=.]],d=[715:e=[618:e=[483:e=[464:e=[391:e=[383:e=.,d=.],d=[458:e=[452:e=[405:e=.,d=[435:e=[413:e=.,d=.],d=[441:e=.,d=.]]],d=.],d=[462:e=.,d=.]]],d=[475:e=[466:e=.,d=.],d=.]],d=[540:e=[537:e=[495:e=[488:e=.,d=[489:e=.,d=.]],d=[522:e=[504:e=.,d=.],d=[525:e=.,d=.]]],d=.],d=[591:e=[549:e=[548:e=[541:e=.,d=[542:e=.,d=.]],d=.],d=[561:e=.,d=.]],d=[605:e=[592:e=.,d=.],d=.]]]],d=[705:e=[668:e=[662:e=.,d=.],d=.],d=.]],d=[839:e=[784:e=[779:e=.,d=.],d=[793:e=.,d=[800:e=.,d=.]]],d=[887:e=[859:e=[855:e=[840:e=.,d=.],d=.],d=[869:e=.,d=[871:e=.,d=.]]],d=[900:e=.,d=.]]]]]],d=[923:e=[914:e=.,d=.],d=[959:e=[957:e=[948:e=.,d=.],d=.],d=[972:e=.,d=[996:e=.,d=.]]]]]
Inserido 575.
[913:e=[340:e=[20:e=[13:e=.,d=[16:e=.,d=.]],d=[89:e=[54:e=[33:e=[21:e=.,d=[24:e=.,d=.]],d=.],d=[88:e=.,d=.]],d=[224:e=[165:e=[117:e=[90:e=.,d=[101:e=.,d=.]],d=[130:e=.,d=[164:e=[154:e=.,d=.],d=.]]],d=[204:e=[194:e=.,d=.],d=[215:e=.,d=.]]],d=[273:e=[238:e=[226:e=.,d=.],d=[245:e=.,d=[253:e=.,d=[260:e=.,d=.]]]],d=[330:e=[289:e=[281:e=.,d=.],d=.],d=[331:e=.,d=.]]]]]],d=[381:e=[354:e=.,d=[379:e=.,d=.]],d=[715:e=[618:e=[483:e=[464:e=[391:e=[383:e=.,d=.],d=[458:e=[452:e=[405:e=.,d=[435:e=[413:e=.,d=.],d=[441:e=.,d=.]]],d=.],d=[462:e=.,d=.]]],d=[475:e=[466:e=.,d=.],d=.]],d=[540:e=[537:e=[495:e=[488:e=.,d=[489:e=.,d=.]],d=[522:e=[504:e=.,d=.],d=[525:e=.,d=.]]],d=.],d=[591:e=[549:e=[548:e=[541:e=.,d=[542:e=.,d=.]],d=.],d=[561:e=.,d=[575:e=.,d=.]]],d=[605:e=[592:e=.,d=.],d=.]]]],d=[705:e=[668:e=[662:e=.,d=.],d=.],d=.]],d=[839:e=[784:e=[779:e=.,d=.],d=[793:e=.,d=[800:e=.,d=.]]],d=[887:e=[859:e=[855:e=[840:e=.,d=.],d=.],d=[869:e=.,d=[871:e=.,d=.]]],d=[900:e=.,d=.]]]]]],d=[923:e=[914:e=.,d=.],d=[959:e=[957:e=[948:e=.,d=.],d=.],d=[972:e=.,d=[996:e=.,d=.]]]]]
Inserido 342.
[913:e=[340:e=[20:e=[13:e=.,d=[16:e=.,d=.]],d=[89:e=[54:e=[33:e=[21:e=.,d=[24:e=.,d=.]],d=.],d=[88:e=.,d=.]],d=[224:e=[165:e=[117:e=[90:e=.,d=[101:e=.,d=.]],d=[130:e=.,d=[164:e=[154:e=.,d=.],d=.]]],d=[204:e=[194:e=.,d=.],d=[215:e=.,d=.]]],d=[273:e=[238:e=[226:e=.,d=.],d=[245:e=.,d=[253:e=.,d=[260:e=.,d=.]]]],d=[330:e=[289:e=[281:e=.,d=.],d=.],d=[331:e=.,d=.]]]]]],d=[381:e=[354:e=[342:e=.,d=.],d=[379:e=.,d=.]],d=[715:e=[618:e=[483:e=[464:e=[391:e=[383:e=.,d=.],d=[458:e=[452:e=[405:e=.,d=[435:e=[413:e=.,d=.],d=[441:e=.,d=.]]],d=.],d=[462:e=.,d=.]]],d=[475:e=[466:e=.,d=.],d=.]],d=[540:e=[537:e=[495:e=[488:e=.,d=[489:e=.,d=.]],d=[522:e=[504:e=.,d=.],d=[525:e=.,d=.]]],d=.],d=[591:e=[549:e=[548:e=[541:e=.,d=[542:e=.,d=.]],d=.],d=[561:e=.,d=[575:e=.,d=.]]],d=[605:e=[592:e=.,d=.],d=.]]]],d=[705:e=[668:e=[662:e=.,d=.],d=.],d=.]],d=[839:e=[784:e=[779:e=.,d=.],d=[793:e=.,d=[800:e=.,d=.]]],d=[887:e=[859:e=[855:e=[840:e=.,d=.],d=.],d=[869:e=.,d=[871:e=.,d=.]]],d=[900:e=.,d=.]]]]]],d=[923:e=[914:e=.,d=.],d=[959:e=[957:e=[948:e=.,d=.],d=.],d=[972:e=.,d=[996:e=.,d=.]]]]]
Inserido 891.
[913:e=[340:e=[20:e=[13:e=.,d=[16:e=.,d=.]],d=[89:e=[54:e=[33:e=[21:e=.,d=[24:e=.,d=.]],d=.],d=[88:e=.,d=.]],d=[224:e=[165:e=[117:e=[90:e=.,d=[101:e=.,d=.]],d=[130:e=.,d=[164:e=[154:e=.,d=.],d=.]]],d=[204:e=[194:e=.,d=.],d=[215:e=.,d=.]]],d=[273:e=[238:e=[226:e=.,d=.],d=[245:e=.,d=[253:e=.,d=[260:e=.,d=.]]]],d=[330:e=[289:e=[281:e=.,d=.],d=.],d=[331:e=.,d=.]]]]]],d=[381:e=[354:e=[342:e=.,d=.],d=[379:e=.,d=.]],d=[715:e=[618:e=[483:e=[464:e=[391:e=[383:e=.,d=.],d=[458:e=[452:e=[405:e=.,d=[435:e=[413:e=.,d=.],d=[441:e=.,d=.]]],d=.],d=[462:e=.,d=.]]],d=[475:e=[466:e=.,d=.],d=.]],d=[540:e=[537:e=[495:e=[488:e=.,d=[489:e=.,d=.]],d=[522:e=[504:e=.,d=.],d=[525:e=.,d=.]]],d=.],d=[591:e=[549:e=[548:e=[541:e=.,d=[542:e=.,d=.]],d=.],d=[561:e=.,d=[575:e=.,d=.]]],d=[605:e=[592:e=.,d=.],d=.]]]],d=[705:e=[668:e=[662:e=.,d=.],d=.],d=.]],d=[839:e=[784:e=[779:e=.,d=.],d=[793:e=.,d=[800:e=.,d=.]]],d=[887:e=[859:e=[855:e=[840:e=.,d=.],d=.],d=[869:e=.,d=[871:e=.,d=.]]],d=[900:e=[891:e=.,d=.],d=.]]]]]],d=[923:e=[914:e=.,d=.],d=[959:e=[957:e=[948:e=.,d=.],d=.],d=[972:e=.,d=[996:e=.,d=.]]]]]
Inserido 979.
[913:e=[340:e=[20:e=[13:e=.,d=[16:e=.,d=.]],d=[89:e=[54:e=[33:e=[21:e=.,d=[24:e=.,d=.]],d=.],d=[88:e=.,d=.]],d=[224:e=[165:e=[117:e=[90:e=.,d=[101:e=.,d=.]],d=[130:e=.,d=[164:e=[154:e=.,d=.],d=.]]],d=[204:e=[194:e=.,d=.],d=[215:e=.,d=.]]],d=[273:e=[238:e=[226:e=.,d=.],d=[245:e=.,d=[253:e=.,d=[260:e=.,d=.]]]],d=[330:e=[289:e=[281:e=.,d=.],d=.],d=[331:e=.,d=.]]]]]],d=[381:e=[354:e=[342:e=.,d=.],d=[379:e=.,d=.]],d=[715:e=[618:e=[483:e=[464:e=[391:e=[383:e=.,d=.],d=[458:e=[452:e=[405:e=.,d=[435:e=[413:e=.,d=.],d=[441:e=.,d=.]]],d=.],d=[462:e=.,d=.]]],d=[475:e=[466:e=.,d=.],d=.]],d=[540:e=[537:e=[495:e=[488:e=.,d=[489:e=.,d=.]],d=[522:e=[504:e=.,d=.],d=[525:e=.,d=.]]],d=.],d=[591:e=[549:e=[548:e=[541:e=.,d=[542:e=.,d=.]],d=.],d=[561:e=.,d=[575:e=.,d=.]]],d=[605:e=[592:e=.,d=.],d=.]]]],d=[705:e=[668:e=[662:e=.,d=.],d=.],d=.]],d=[839:e=[784:e=[779:e=.,d=.],d=[793:e=.,d=[800:e=.,d=.]]],d=[887:e=[859:e=[855:e=[840:e=.,d=.],d=.],d=[869:e=.,d=[871:e=.,d=.]]],d=[900:e=[891:e=.,d=.],d=.]]]]]],d=[923:e=[914:e=.,d=.],d=[959:e=[957:e=[948:e=.,d=.],d=.],d=[972:e=.,d=[996:e=[979:e=.,d=.],d=.]]]]]
Inserido 770.
[913:e=[340:e=[20:e=[13:e=.,d=[16:e=.,d=.]],d=[89:e=[54:e=[33:e=[21:e=.,d=[24:e=.,d=.]],d=.],d=[88:e=.,d=.]],d=[224:e=[165:e=[117:e=[90:e=.,d=[101:e=.,d=.]],d=[130:e=.,d=[164:e=[154:e=.,d=.],d=.]]],d=[204:e=[194:e=.,d=.],d=[215:e=.,d=.]]],d=[273:e=[238:e=[226:e=.,d=.],d=[245:e=.,d=[253:e=.,d=[260:e=.,d=.]]]],d=[330:e=[289:e=[281:e=.,d=.],d=.],d=[331:e=.,d=.]]]]]],d=[381:e=[354:e=[342:e=.,d=.],d=[379:e=.,d=.]],d=[715:e=[618:e=[483:e=[464:e=[391:e=[383:e=.,d=.],d=[458:e=[452:e=[405:e=.,d=[435:e=[413:e=.,d=.],d=[441:e=.,d=.]]],d=.],d=[462:e=.,d=.]]],d=[475:e=[466:e=.,d=.],d=.]],d=[540:e=[537:e=[495:e=[488:e=.,d=[489:e=.,d=.]],d=[522:e=[504:e=.,d=.],d=[525:e=.,d=.]]],d=.],d=[591:e=[549:e=[548:e=[541:e=.,d=[542:e=.,d=.]],d=.],d=[561:e=.,d=[575:e=.,d=.]]],d=[605:e=[592:e=.,d=.],d=.]]]],d=[705:e=[668:e=[662:e=.,d=.],d=.],d=.]],d=[839:e=[784:e=[779:e=[770:e=.,d=.],d=.],d=[793:e=.,d=[800:e=.,d=.]]],d=[887:e=[859:e=[855:e=[840:e=.,d=.],d=.],d=[869:e=.,d=[871:e=.,d=.]]],d=[900:e=[891:e=.,d=.],d=.]]]]]],d=[923:e=[914:e=.,d=.],d=[959:e=[957:e=[948:e=.,d=.],d=.],d=[972:e=.,d=[996:e=[979:e=.,d=.],d=.]]]]]
Insercao de 194 falhou.
[913:e=[340:e=[20:e=[13:e=.,d=[16:e=.,d=.]],d=[89:e=[54:e=[33:e=[21:e=.,d=[24:e=.,d=.]],d=.],d=[88:e=.,d=.]],d=[224:e=[165:e=[117:e=[90:e=.,d=[101:e=.,d=.]],d=[130:e=.,d=[164:e=[154:e=.,d=.],d=.]]],d=[204:e=[194:e=.,d=.],d=[215:e=.,d=.]]],d=[273:e=[238:e=[226:e=.,d=.],d=[245:e=.,d=[253:e=.,d=[260:e=.,d=.]]]],d=[330:e=[289:e=[281:e=.,d=.],d=.],d=[331:e=.,d=.]]]]]],d=[381:e=[354:e=[342:e=.,d=.],d=[379:e=.,d=.]],d=[715:e=[618:e=[483:e=[464:e=[391:e=[383:e=.,d=.],d=[458:e=[452:e=[405:e=.,d=[435:e=[413:e=.,d=.],d=[441:e=.,d=.]]],d=.],d=[462:e=.,d=.]]],d=[475:e=[466:e=.,d=.],d=.]],d=[540:e=[537:e=[495:e=[488:e=.,d=[489:e=.,d=.]],d=[522:e=[504:e=.,d=.],d=[525:e=.,d=.]]],d=.],d=[591:e=[549:e=[548:e=[541:e=.,d=[542:e=.,d=.]],d=.],d=[561:e=.,d=[575:e=.,d=.]]],d=[605:e=[592:e=.,d=.],d=.]]]],d=[705:e=[668:e=[662:e=.,d=.],d=.],d=.]],d=[839:e=[784:e=[779:e=[770:e=.,d=.],d=.],d=[793:e=.,d=[800:e=.,d=.]]],d=[887:e=[859:e=[855:e=[840:e=.,d=.],d=.],d=[869:e=.,d=[871:e=.,d=.]]],d=[900:e=[891:e=.,d=.],d=.]]]]]],d=[923:e=[914:e=.,d=.],d=[959:e=[957:e=[948:e=.,d=.],d=.],d=[972:e=.,d=[996:e=[979:e=.,d=.],d=.]]]]]
Inserido 824.
[913:e=[340:e=[20:e=[13:e=.,d=[16:e=.,d=.]],d=[89:e=[54:e=[33:e=[21:e=.,d=[24:e=.,d=.]],d=.],d=[88:e=.,d=.]],d=[224:e=[165:e=[117:e=[90:e=.,d=[101:e=.,d=.]],d=[130:e=.,d=[164:e=[154:e=.,d=.],d=.]]],d=[204:e=[194:e=.,d=.],d=[215:e=.,d=.]]],d=[273:e=[238:e=[226:e=.,d=.],d=[245:e=.,d=[253:e=.,d=[260:e=.,d=.]]]],d=[330:e=[289:e=[281:e=.,d=.],d=.],d=[331:e=.,d=.]]]]]],d=[381:e=[354:e=[342:e=.,d=.],d=[379:e=.,d=.]],d=[715:e=[618:e=[483:e=[464:e=[391:e=[383:e=.,d=.],d=[458:e=[452:e=[405:e=.,d=[435:e=[413:e=.,d=.],d=[441:e=.,d=.]]],d=.],d=[462:e=.,d=.]]],d=[475:e=[466:e=.,d=.],d=.]],d=[540:e=[537:e=[495:e=[488:e=.,d=[489:e=.,d=.]],d=[522:e=[504:e=.,d=.],d=[525:e=.,d=.]]],d=.],d=[591:e=[549:e=[548:e=[541:e=.,d=[542:e=.,d=.]],d=.],d=[561:e=.,d=[575:e=.,d=.]]],d=[605:e=[592:e=.,d=.],d=.]]]],d=[705:e=[668:e=[662:e=.,d=.],d=.],d=.]],d=[839:e=[784:e=[779:e=[770:e=.,d=.],d=.],d=[793:e=.,d=[800:e=.,d=[824:e=.,d=.]]]],d=[887:e=[859:e=[855:e=[840:e=.,d=.],d=.],d=[869:e=.,d=[871:e=.,d=.]]],d=[900:e=[891:e=.,d=.],d=.]]]]]],d=[923:e=[914:e=.,d=.],d=[959:e=[957:e=[948:e=.,d=.],d=.],d=[972:e=.,d=[996:e=[979:e=.,d=.],d=.]]]]]
Inserido 989.
[913:e=[340:e=[20:e=[13:e=.,d=[16:e=.,d=.]],d=[89:e=[54:e=[33:e=[21:e=.,d=[24:e=.,d=.]],d=.],d=[88:e=.,d=.]],d=[224:e=[165:e=[117:e=[90:e=.,d=[101:e=.,d=.]],d=[130:e=.,d=[164:e=[154:e=.,d=.],d=.]]],d=[204:e=[194:e=.,d=.],d=[215:e=.,d=.]]],d=[273:e=[238:e=[226:e=.,d=.],d=[245:e=.,d=[253:e=.,d=[260:e=.,d=.]]]],d=[330:e=[289:e=[281:e=.,d=.],d=.],d=[331:e=.,d=.]]]]]],d=[381:e=[354:e=[342:e=.,d=.],d=[379:e=.,d=.]],d=[715:e=[618:e=[483:e=[464:e=[391:e=[383:e=.,d=.],d=[458:e=[452:e=[405:e=.,d=[435:e=[413:e=.,d=.],d=[441:e=.,d=.]]],d=.],d=[462:e=.,d=.]]],d=[475:e=[466:e=.,d=.],d=.]],d=[540:e=[537:e=[495:e=[488:e=.,d=[489:e=.,d=.]],d=[522:e=[504:e=.,d=.],d=[525:e=.,d=.]]],d=.],d=[591:e=[549:e=[548:e=[541:e=.,d=[542:e=.,d=.]],d=.],d=[561:e=.,d=[575:e=.,d=.]]],d=[605:e=[592:e=.,d=.],d=.]]]],d=[705:e=[668:e=[662:e=.,d=.],d=.],d=.]],d=[839:e=[784:e=[779:e=[770:e=.,d=.],d=.],d=[793:e=.,d=[800:e=.,d=[824:e=.,d=.]]]],d=[887:e=[859:e=[855:e=[840:e=.,d=.],d=.],d=[869:e=.,d=[871:e=.,d=.]]],d=[900:e=[891:e=.,d=.],d=.]]]]]],d=[923:e=[914:e=.,d=.],d=[959:e=[957:e=[948:e=.,d=.],d=.],d=[972:e=.,d=[996:e=[979:e=.,d=[989:e=.,d=.]],d=.]]]]]
Inserido 487.
[913:e=[340:e=[20:e=[13:e=.,d=[16:e=.,d=.]],d=[89:e=[54:e=[33:e=[21:e=.,d=[24:e=.,d=.]],d=.],d=[88:e=.,d=.]],d=[224:e=[165:e=[117:e=[90:e=.,d=[101:e=.,d=.]],d=[130:e=.,d=[164:e=[154:e=.,d=.],d=.]]],d=[204:e=[194:e=.,d=.],d=[215:e=.,d=.]]],d=[273:e=[238:e=[226:e=.,d=.],d=[245:e=.,d=[253:e=.,d=[260:e=.,d=.]]]],d=[330:e=[289:e=[281:e=.,d=.],d=.],d=[331:e=.,d=.]]]]]],d=[381:e=[354:e=[342:e=.,d=.],d=[379:e=.,d=.]],d=[715:e=[618:e=[483:e=[464:e=[391:e=[383:e=.,d=.],d=[458:e=[452:e=[405:e=.,d=[435:e=[413:e=.,d=.],d=[441:e=.,d=.]]],d=.],d=[462:e=.,d=.]]],d=[475:e=[466:e=.,d=.],d=.]],d=[540:e=[537:e=[495:e=[488:e=[487:e=.,d=.],d=[489:e=.,d=.]],d=[522:e=[504:e=.,d=.],d=[525:e=.,d=.]]],d=.],d=[591:e=[549:e=[548:e=[541:e=.,d=[542:e=.,d=.]],d=.],d=[561:e=.,d=[575:e=.,d=.]]],d=[605:e=[592:e=.,d=.],d=.]]]],d=[705:e=[668:e=[662:e=.,d=.],d=.],d=.]],d=[839:e=[784:e=[779:e=[770:e=.,d=.],d=.],d=[793:e=.,d=[800:e=.,d=[824:e=.,d=.]]]],d=[887:e=[859:e=[855:e=[840:e=.,d=.],d=.],d=[869:e=.,d=[871:e=.,d=.]]],d=[900:e=[891:e=.,d=.],d=.]]]]]],d=[923:e=[914:e=.,d=.],d=[959:e=[957:e=[948:e=.,d=.],d=.],d=[972:e=.,d=[996:e=[979:e=.,d=[989:e=.,d=.]],d=.]]]]]
Inserido 499.
[913:e=[340:e=[20:e=[13:e=.,d=[16:e=.,d=.]],d=[89:e=[54:e=[33:e=[21:e=.,d=[24:e=.,d=.]],d=.],d=[88:e=.,d=.]],d=[224:e=[165:e=[117:e=[90:e=.,d=[101:e=.,d=.]],d=[130:e=.,d=[164:e=[154:e=.,d=.],d=.]]],d=[204:e=[194:e=.,d=.],d=[215:e=.,d=.]]],d=[273:e=[238:e=[226:e=.,d=.],d=[245:e=.,d=[253:e=.,d=[260:e=.,d=.]]]],d=[330:e=[289:e=[281:e=.,d=.],d=.],d=[331:e=.,d=.]]]]]],d=[381:e=[354:e=[342:e=.,d=.],d=[379:e=.,d=.]],d=[715:e=[618:e=[483:e=[464:e=[391:e=[383:e=.,d=.],d=[458:e=[452:e=[405:e=.,d=[435:e=[413:e=.,d=.],d=[441:e=.,d=.]]],d=.],d=[462:e=.,d=.]]],d=[475:e=[466:e=.,d=.],d=.]],d=[540:e=[537:e=[495:e=[488:e=[487:e=.,d=.],d=[489:e=.,d=.]],d=[522:e=[504:e=[499:e=.,d=.],d=.],d=[525:e=.,d=.]]],d=.],d=[591:e=[549:e=[548:e=[541:e=.,d=[542:e=.,d=.]],d=.],d=[561:e=.,d=[575:e=.,d=.]]],d=[605:e=[592:e=.,d=.],d=.]]]],d=[705:e=[668:e=[662:e=.,d=.],d=.],d=.]],d=[839:e=[784:e=[779:e=[770:e=.,d=.],d=.],d=[793:e=.,d=[800:e=.,d=[824:e=.,d=.]]]],d=[887:e=[859:e=[855:e=[840:e=.,d=.],d=.],d=[869:e=.,d=[871:e=.,d=.]]],d=[900:e=[891:e=.,d=.],d=.]]]]]],d=[923:e=[914:e=.,d=.],d=[959:e=[957:e=[948:e=.,d=.],d=.],d=[972:e=.,d=[996:e=[979:e=.,d=[989:e=.,d=.]],d=.]]]]]
