Inserido 10 no fim.
Inserido 30 no fim.
Inserido 20 no fim.
Inserido 50 no fim.
Inserido 100 no inicio.
Inserido 200 no inicio.
Inserido 50 no fim.
Inserido 300 no inicio.
Inserido 50 no inicio.
Inserido 400 no inicio.
Inserido 500 no fim.
Inserido 50 no fim.
Inserido 100 no fim.
Inserido 700 no inicio.
(700,400,50,300,200,100,10,30,20,50,50,500,50,100)
Removidas 4 ocorrencias de 50.
(700,400,300,200,100,10,30,20,500,100)
Inserido 200 no inicio.
(200,700,400,300,200,100,10,30,20,500,100)
Removidas 2 ocorrencias de 100.
(200,700,400,300,200,10,30,20,500)
